Log file open, 01/23/19 10:55:40
LogWindows: Failed to load 'aqProf.dll' (GetLastError=126)
LogWindows: File 'aqProf.dll' does not exist
LogWindows: Failed to load 'VSPerf140.dll' (GetLastError=126)
LogWindows: File 'VSPerf140.dll' does not exist
LogWindows: Failed to load 'VtuneApi.dll' (GetLastError=126)
LogWindows: File 'VtuneApi.dll' does not exist
LogWindows: Failed to load 'VtuneApi32e.dll' (GetLastError=126)
LogWindows: File 'VtuneApi32e.dll' does not exist
LogInit: Display: Running engine for game: KingCourse
LogPlatformFile: Not using cached read wrapper
LogTaskGraph: Started task graph with 5 named threads and 23 total threads with 3 sets of task threads.
LogStats: Stats thread started at 0.335875
LogD3D11RHI: Loaded GFSDK_Aftermath_Lib.x64.dll
LogICUInternationalization: Display: ICU TimeZone Detection - Raw Offset: -5:00, Platform Override: ''
LogPluginManager: Mounting plugin Paper2D
LogPluginManager: Mounting plugin AISupport
LogPluginManager: Mounting plugin LightPropagationVolume
LogPluginManager: Mounting plugin CLionSourceCodeAccess
LogPluginManager: Mounting plugin CodeLiteSourceCodeAccess
LogPluginManager: Mounting plugin GitSourceControl
LogPluginManager: Mounting plugin KDevelopSourceCodeAccess
LogPluginManager: Mounting plugin NullSourceCodeAccess
LogPluginManager: Mounting plugin PerforceSourceControl
LogPluginManager: Mounting plugin SubversionSourceControl
LogPluginManager: Mounting plugin UObjectPlugin
LogPluginManager: Mounting plugin VisualStudioCodeSourceCodeAccess
LogPluginManager: Mounting plugin VisualStudioSourceCodeAccess
LogPluginManager: Mounting plugin XCodeSourceCodeAccess
LogPluginManager: Mounting plugin AssetManagerEditor
LogPluginManager: Mounting plugin CryptoKeys
LogPluginManager: Mounting plugin DataValidation
LogPluginManager: Mounting plugin FacialAnimation
LogPluginManager: Mounting plugin GameplayTagsEditor
LogPluginManager: Mounting plugin MacGraphicsSwitching
LogPluginManager: Mounting plugin MeshEditor
LogPluginManager: Mounting plugin MobileLauncherProfileWizard
LogPluginManager: Mounting plugin PluginBrowser
LogPluginManager: Mounting plugin SpeedTreeImporter
LogPluginManager: Mounting plugin DatasmithContent
LogPluginManager: Mounting plugin AlembicImporter
LogPluginManager: Mounting plugin AppleImageUtils
LogPluginManager: Mounting plugin AppleVision
LogPluginManager: Mounting plugin BackChannel
LogPluginManager: Mounting plugin CharacterAI
LogPluginManager: Mounting plugin GeometryCache
LogPluginManager: Mounting plugin HTML5Networking
LogPluginManager: Mounting plugin ProxyLODPlugin
LogPluginManager: Mounting plugin MagicLeap
LogPluginManager: Mounting plugin MagicLeapEmulator
LogPluginManager: Mounting plugin MagicLeapMedia
LogPluginManager: Mounting plugin AndroidMedia
LogPluginManager: Mounting plugin AvfMedia
LogPluginManager: Mounting plugin ImgMedia
LogPluginManager: Mounting plugin LinearTimecode
LogPluginManager: Mounting plugin MediaCompositing
LogPluginManager: Mounting plugin MediaPlayerEditor
LogPluginManager: Mounting plugin WmfMedia
LogPluginManager: Mounting plugin TcpMessaging
LogPluginManager: Mounting plugin UdpMessaging
LogPluginManager: Mounting plugin ActorSequence
LogPluginManager: Mounting plugin LevelSequenceEditor
LogPluginManager: Mounting plugin MatineeToLevelSequence
LogPluginManager: Mounting plugin NetcodeUnitTest
LogPluginManager: Mounting plugin NUTUnrealEngine4
LogPluginManager: Mounting plugin OnlineSubsystemGooglePlay
LogPluginManager: Mounting plugin OnlineSubsystemIOS
LogPluginManager: Mounting plugin OnlineSubsystem
LogPluginManager: Mounting plugin OnlineSubsystemNull
LogPluginManager: Mounting plugin OnlineSubsystemUtils
LogPluginManager: Mounting plugin LauncherChunkInstaller
LogPluginManager: Mounting plugin AndroidDeviceProfileSelector
LogPluginManager: Mounting plugin AndroidMoviePlayer
LogPluginManager: Mounting plugin AndroidPermission
LogPluginManager: Mounting plugin AppleMoviePlayer
LogPluginManager: Mounting plugin ArchVisCharacter
LogPluginManager: Mounting plugin AudioCapture
LogPluginManager: Mounting plugin CableComponent
LogPluginManager: Mounting plugin CustomMeshComponent
LogPluginManager: Mounting plugin EditableMesh
LogPluginManager: Mounting plugin ExampleDeviceProfileSelector
LogPluginManager: Mounting plugin GoogleCloudMessaging
LogPluginManager: Mounting plugin ImmediatePhysics
LogPluginManager: Mounting plugin IOSDeviceProfileSelector
LogPluginManager: Mounting plugin LinuxDeviceProfileSelector
LogPluginManager: Mounting plugin LocationServicesBPLibrary
LogPluginManager: Mounting plugin MobilePatchingUtils
LogPluginManager: Mounting plugin OculusVR
LogPluginManager: Plugin shader directory ../../../Engine/Plugins/Runtime/Oculus/OculusVR/Shaders found
LogPluginManager: Mapping shader source directory ../../../Engine/Plugins/Runtime/Oculus/OculusVR/Shaders to virtual directory /Plugin/OculusVR
LogPluginManager: Mounting plugin PhysXVehicles
LogPluginManager: Mounting plugin ProceduralMeshComponent
LogPluginManager: Mounting plugin RuntimePhysXCooking
LogPluginManager: Mounting plugin SteamVR
LogPluginManager: Mounting plugin WindowsMoviePlayer
LogStreaming: Display: Took  0.363s to configure plugins.
LogInit: Using libcurl 7.55.1-DEV
LogInit:  - built for x86_64-pc-win32
LogInit:  - supports SSL with OpenSSL/1.0.2h
LogInit:  - supports HTTP deflate (compression) using libz 1.2.8
LogInit:  - other features:
LogInit:      CURL_VERSION_SSL
LogInit:      CURL_VERSION_LIBZ
LogInit:      CURL_VERSION_IPV6
LogInit:      CURL_VERSION_ASYNCHDNS
LogInit:      CURL_VERSION_LARGEFILE
LogInit:      CURL_VERSION_IDN
LogInit:  CurlRequestOptions (configurable via config and command line):
LogInit:  - bVerifyPeer = false  - Libcurl will NOT verify peer certificate
LogInit:  - bUseHttpProxy = false  - Libcurl will NOT use HTTP proxy
LogInit:  - bDontReuseConnections = false  - Libcurl will reuse connections
LogInit:  - CertBundlePath = nullptr  - Libcurl will use whatever was configured at build time.
LogInit:  - MaxHostConnections = 16  - Libcurl will limit the number of connections to a host
LogInit:  - LocalHostAddr = Default
LogInit:  - BufferSize = 65536
LogInit: WinSock: version 1.1 (2.2), MaxSocks=32767, MaxUdp=65467
LogInit: Build: ++UE4+Release-4.20-CL-4369336
LogInit: Engine Version: 4.20.3-4369336+++UE4+Release-4.20
LogInit: Compatible Engine Version: 4.20.0-4212847+++UE4+Release-4.20
LogInit: Net CL: 4212847
LogInit: OS: Windows 10 (), CPU: Intel(R) Core(TM) i7-4790 CPU @ 3.60GHz, GPU: NVIDIA GeForce GTX 745
LogInit: Compiled (64-bit): Sep 17 2018 12:26:19
LogInit: Compiled with Visual C++: 19.13.26129.00
LogInit: Build Configuration: Development
LogInit: Branch Name: ++UE4+Release-4.20
LogInit: Command Line:  
LogInit: Base Directory: C:/Program Files/Epic Games/UE_4.20/Engine/Binaries/Win64/
LogInit: Installed Engine Build: 1
LogDevObjectVersion: Number of dev versions registered: 20
LogDevObjectVersion:   Dev-Blueprints (B0D832E4-1F89-4F0D-ACCF-7EB736FD4AA2): 10
LogDevObjectVersion:   Dev-Build (E1C64328-A22C-4D53-A36C-8E866417BD8C): 0
LogDevObjectVersion:   Dev-Core (375EC13C-06E4-48FB-B500-84F0262A717E): 2
LogDevObjectVersion:   Dev-Editor (E4B068ED-F494-42E9-A231-DA0B2E46BB41): 24
LogDevObjectVersion:   Dev-Framework (CFFC743F-43B0-4480-9391-14DF171D2073): 34
LogDevObjectVersion:   Dev-Mobile (B02B49B5-BB20-44E9-A304-32B752E40360): 2
LogDevObjectVersion:   Dev-Networking (A4E4105C-59A1-49B5-A7C5-40C4547EDFEE): 0
LogDevObjectVersion:   Dev-Online (39C831C9-5AE6-47DC-9A44-9C173E1C8E7C): 0
LogDevObjectVersion:   Dev-Physics (78F01B33-EBEA-4F98-B9B4-84EACCB95AA2): 0
LogDevObjectVersion:   Dev-Platform (6631380F-2D4D-43E0-8009-CF276956A95A): 0
LogDevObjectVersion:   Dev-Rendering (12F88B9F-8875-4AFC-A67C-D90C383ABD29): 26
LogDevObjectVersion:   Dev-Sequencer (7B5AE74C-D270-4C10-A958-57980B212A5A): 9
LogDevObjectVersion:   Dev-VR (D7296918-1DD6-4BDD-9DE2-64A83CC13884): 2
LogDevObjectVersion:   Dev-LoadTimes (C2A15278-BFE7-4AFE-6C17-90FF531DF755): 1
LogDevObjectVersion:   Private-Geometry (6EACA3D4-40EC-4CC1-B786-8BED09428FC5): 3
LogDevObjectVersion:   Dev-AnimPhys (29E575DD-E0A3-4627-9D10-D276232CDCEA): 17
LogDevObjectVersion:   Dev-ReflectionCapture (6B266CEC-1EC7-4B8F-A30B-E4D90942FC07): 1
LogDevObjectVersion:   Dev-Automation (0DF73D61-A23F-47EA-B727-89E90C41499A): 1
LogDevObjectVersion:   FortniteMain (601D1886-AC64-4F84-AA16-D3DE0DEAC7D6): 12
LogDevObjectVersion:   Dev-Enterprise (9DFFBCD6-494F-0158-E221-12823C92A888): 1
LogStreaming: Display: Took  0.000s to delete old logs.
LogInit: Presizing for max 8388607 objects, including 0 objects not considered by GC, pre-allocating 0 bytes for permanent pool.
LogInit: Object subsystem initialized
[2019.01.23-15.55.41:244][  0]LogInit: Selected Device Profile: [Windows]
[2019.01.23-15.55.41:244][  0]LogInit: Applying CVar settings loaded from the selected device profile: [Windows]
[2019.01.23-15.55.41:275][  0]LogHAL: Display: Platform has ~ 32 GB [34299015168 / 34359738368 / 32], which maps to Largest [LargestMinGB=32, LargerMinGB=12, DefaultMinGB=8, SmallerMinGB=6, SmallestMinGB=0)
[2019.01.23-15.55.41:276][  0]LogInit: Setting Device Profile CVar: [[r.Vulkan.UseRealUBs:1]]
[2019.01.23-15.55.41:276][  0]LogInit: Going up to parent DeviceProfile []
[2019.01.23-15.55.41:276][  0]LogInit: Computer: COSWAEC1104-10
[2019.01.23-15.55.41:276][  0]LogInit: User: bennett253
[2019.01.23-15.55.41:276][  0]LogInit: CPU Page size=4096, Cores=4
[2019.01.23-15.55.41:276][  0]LogInit: High frequency timer resolution =3.507500 MHz
[2019.01.23-15.55.41:277][  0]LogMemory: Memory total: Physical=31.9GB (32GB approx)
[2019.01.23-15.55.41:277][  0]LogMemory: Platform Memory Stats for Windows
[2019.01.23-15.55.41:277][  0]LogMemory: Process Physical Memory: 99.82 MB used, 99.82 MB peak
[2019.01.23-15.55.41:277][  0]LogMemory: Process Virtual Memory: 91.04 MB used, 91.04 MB peak
[2019.01.23-15.55.41:277][  0]LogMemory: Physical Memory: 7154.77 MB used,  25555.32 MB free, 32710.09 MB total
[2019.01.23-15.55.41:277][  0]LogMemory: Virtual Memory: 4641.00 MB used,  25555.32 MB free, 134217728.00 MB total
[2019.01.23-15.55.41:330][  0]LogInit: Using OS detected language (en-US).
[2019.01.23-15.55.41:330][  0]LogInit: Using OS detected locale (en-US).
[2019.01.23-15.55.41:332][  0]LogTextLocalizationManager: No specific localization for 'en-US' exists, so the 'en' localization will be used.
[2019.01.23-15.55.41:689][  0]LogStreaming: Display: Took  0.358s to InitEngineTextLocalization.
[2019.01.23-15.55.41:689][  0]LogInit: Setting process to per monitor DPI aware
[2019.01.23-15.55.41:732][  0]LogSlate: New Slate User Created.  User Index 0, Is Virtual User: 0
[2019.01.23-15.55.41:732][  0]LogSlate: Slate User Registered.  User Index 0, Is Virtual User: 0
[2019.01.23-15.55.41:981][  0]LogHMD: Failed to initialize OpenVR with code 110
[2019.01.23-15.55.41:981][  0]LogD3D11RHI: D3D11 adapters:
[2019.01.23-15.55.42:041][  0]LogD3D11RHI:    0. 'NVIDIA GeForce GTX 745' (Feature Level 11_0)
[2019.01.23-15.55.42:041][  0]LogD3D11RHI:       4063/0/16355 MB DedicatedVideo/DedicatedSystem/SharedSystem, Outputs:1, VendorId:0x10de
[2019.01.23-15.55.42:044][  0]LogD3D11RHI:    1. 'Microsoft Basic Render Driver' (Feature Level 11_0)
[2019.01.23-15.55.42:044][  0]LogD3D11RHI:       0/0/16355 MB DedicatedVideo/DedicatedSystem/SharedSystem, Outputs:0, VendorId:0x1414
[2019.01.23-15.55.42:044][  0]LogD3D11RHI: Chosen D3D11 Adapter: 0
[2019.01.23-15.55.42:052][  0]LogD3D11RHI: Creating new Direct3DDevice
[2019.01.23-15.55.42:052][  0]LogD3D11RHI:     GPU DeviceId: 0x1382 (for the marketing name, search the web for "GPU Device Id")
[2019.01.23-15.55.42:052][  0]LogWindows: EnumDisplayDevices:
[2019.01.23-15.55.42:052][  0]LogWindows:    0. 'NVIDIA GeForce GTX 745' (P:1 D:1)
[2019.01.23-15.55.42:053][  0]LogWindows:    1. 'NVIDIA GeForce GTX 745' (P:0 D:0)
[2019.01.23-15.55.42:053][  0]LogWindows:    2. 'NVIDIA GeForce GTX 745' (P:0 D:0)
[2019.01.23-15.55.42:053][  0]LogWindows: DebugString: FoundDriverCount:3 
[2019.01.23-15.55.42:053][  0]LogD3D11RHI:     Adapter Name: NVIDIA GeForce GTX 745
[2019.01.23-15.55.42:053][  0]LogD3D11RHI:   Driver Version: 388.13 (internal:23.21.13.8813, unified:388.13)
[2019.01.23-15.55.42:053][  0]LogD3D11RHI:      Driver Date: 10-27-2017
[2019.01.23-15.55.42:053][  0]LogRHI: Texture pool is 2844 MB (70% of 4063 MB)
[2019.01.23-15.55.42:088][  0]LogD3D11RHI: Async texture creation enabled
[2019.01.23-15.55.42:101][  0]LogD3D11RHI: GPU Timing Frequency: 1000.000000 (Debug: 2 1)
[2019.01.23-15.55.42:103][  0]LogShaderCompilers: Guid format shader working directory is -15 characters bigger than the processId version (../../../../../../Users/bennett253/Documents/UnityClass/KingCourse/Intermediate/Shaders/WorkingDirectory/8776/).
[2019.01.23-15.55.42:103][  0]LogShaderCompilers: Cleaned the shader compiler working directory 'C:/Users/bennett253/AppData/Local/Temp/UnrealShaderWorkingDir/705FF0AD49F99BA546EC29ACE69C0050/'.
[2019.01.23-15.55.43:561][  0]LogTemp: Display: Loaded TP AllDesktopTargetPlatform
[2019.01.23-15.55.43:647][  0]LogTemp: Display: Loaded TP MacClientTargetPlatform
[2019.01.23-15.55.43:691][  0]LogTemp: Display: Loaded TP MacNoEditorTargetPlatform
[2019.01.23-15.55.43:725][  0]LogTemp: Display: Loaded TP MacServerTargetPlatform
[2019.01.23-15.55.43:757][  0]LogTemp: Display: Loaded TP MacTargetPlatform
[2019.01.23-15.55.43:775][  0]LogTemp: Display: Loaded TP WindowsClientTargetPlatform
[2019.01.23-15.55.43:793][  0]LogTemp: Display: Loaded TP WindowsNoEditorTargetPlatform
[2019.01.23-15.55.43:816][  0]LogTemp: Display: Loaded TP WindowsServerTargetPlatform
[2019.01.23-15.55.43:838][  0]LogTemp: Display: Loaded TP WindowsTargetPlatform
[2019.01.23-15.55.43:942][  0]LogTemp: Display: Loaded TP AndroidTargetPlatform
[2019.01.23-15.55.43:942][  0]LogTemp: Display: Loaded TP AndroidTargetPlatform
[2019.01.23-15.55.43:942][  0]LogTemp: Display: Loaded TP AndroidTargetPlatform
[2019.01.23-15.55.43:942][  0]LogTemp: Display: Loaded TP AndroidTargetPlatform
[2019.01.23-15.55.43:942][  0]LogTemp: Display: Loaded TP AndroidTargetPlatform
[2019.01.23-15.55.43:942][  0]LogTemp: Display: Loaded TP AndroidTargetPlatform
[2019.01.23-15.55.43:942][  0]LogTemp: Display: Loaded TP AndroidTargetPlatform
[2019.01.23-15.55.43:942][  0]LogTemp: Display: Loaded TP AndroidTargetPlatform
[2019.01.23-15.55.43:942][  0]LogTemp: Display: Loaded TP AndroidTargetPlatform
[2019.01.23-15.55.43:942][  0]LogTemp: Display: Loaded TP AndroidTargetPlatform
[2019.01.23-15.55.43:942][  0]LogTemp: Display: Loaded TP AndroidTargetPlatform
[2019.01.23-15.55.43:942][  0]LogTemp: Display: Loaded TP AndroidTargetPlatform
[2019.01.23-15.55.43:942][  0]LogTemp: Display: Loaded TP AndroidTargetPlatform
[2019.01.23-15.55.43:942][  0]LogTemp: Display: Loaded TP AndroidTargetPlatform
[2019.01.23-15.55.43:942][  0]LogTemp: Display: Loaded TP AndroidTargetPlatform
[2019.01.23-15.55.43:942][  0]LogTemp: Display: Loaded TP AndroidTargetPlatform
[2019.01.23-15.55.43:942][  0]LogTemp: Display: Loaded TP AndroidTargetPlatform
[2019.01.23-15.55.43:942][  0]LogTemp: Display: Loaded TP AndroidTargetPlatform
[2019.01.23-15.55.43:950][  0]LogTemp: Display: Loaded TP HTML5TargetPlatform
[2019.01.23-15.55.44:044][  0]LogTemp: Display: Loaded TP IOSTargetPlatform
[2019.01.23-15.55.44:044][  0]LogTemp: Display: Loaded TP IOSTargetPlatform
[2019.01.23-15.55.44:071][  0]LogTemp: Display: Loaded TP TVOSTargetPlatform
[2019.01.23-15.55.44:071][  0]LogTemp: Display: Loaded TP TVOSTargetPlatform
[2019.01.23-15.55.44:084][  0]LogTemp: Display: Loaded TP LinuxClientTargetPlatform
[2019.01.23-15.55.44:104][  0]LogTemp: Display: Loaded TP LinuxNoEditorTargetPlatform
[2019.01.23-15.55.44:123][  0]LogTemp: Display: Loaded TP LinuxServerTargetPlatform
[2019.01.23-15.55.44:149][  0]LogTemp: Display: Loaded TP LinuxTargetPlatform
[2019.01.23-15.55.44:165][  0]LogTemp: Display: Loaded TP LuminTargetPlatform
[2019.01.23-15.55.44:166][  0]LogTargetPlatformManager: Display: Building Assets For Windows
[2019.01.23-15.55.44:649][  0]LogXGEController: Cleaning working directory: C:/Users/bennett253/AppData/Local/Temp/UnrealXGEWorkingDir/
[2019.01.23-15.55.44:650][  0]LogXGEController: Cannot use XGE Controller as Incredibuild is not installed on this machine.
[2019.01.23-15.55.44:650][  0]LogShaderCompilers: Cannot use XGE Shader Compiler as Incredibuild is not installed on this machine.
[2019.01.23-15.55.44:650][  0]LogShaderCompilers: Display: Using Local Shader Compiler.
[2019.01.23-15.55.45:561][  0]LogDerivedDataCache: Display: Max Cache Size: 512 MB
[2019.01.23-15.55.47:090][  0]LogDerivedDataCache: Loaded boot cache 1.53s 71MB C:/Users/bennett253/AppData/Local/UnrealEngine/4.20/DerivedDataCache/Boot.ddc.
[2019.01.23-15.55.47:091][  0]LogDerivedDataCache: Display: Loaded Boot cache: C:/Users/bennett253/AppData/Local/UnrealEngine/4.20/DerivedDataCache/Boot.ddc
[2019.01.23-15.55.47:091][  0]LogDerivedDataCache: FDerivedDataBackendGraph:  Pak pak cache file ../../../../../../Users/bennett253/Documents/UnityClass/KingCourse/DerivedDataCache/DDC.ddp not found, will not use a pak cache.
[2019.01.23-15.55.47:091][  0]LogDerivedDataCache: Unable to find inner node Pak for hierarchical cache Hierarchy.
[2019.01.23-15.55.47:091][  0]LogDerivedDataCache: FDerivedDataBackendGraph:  CompressedPak pak cache file ../../../../../../Users/bennett253/Documents/UnityClass/KingCourse/DerivedDataCache/Compressed.ddp not found, will not use a pak cache.
[2019.01.23-15.55.47:091][  0]LogDerivedDataCache: Unable to find inner node CompressedPak for hierarchical cache Hierarchy.
[2019.01.23-15.55.47:109][  0]LogDerivedDataCache: Display: Pak cache opened for reading ../../../Engine/DerivedDataCache/Compressed.ddp.
[2019.01.23-15.55.47:129][  0]LogDerivedDataCache: Using Local data cache path C:/Users/bennett253/AppData/Local/UnrealEngine/Common/DerivedDataCache: Writable
[2019.01.23-15.55.47:129][  0]LogDerivedDataCache: Shared data cache path not found in *engine.ini, will not use an Shared cache.
[2019.01.23-15.55.47:129][  0]LogDerivedDataCache: Unable to find inner node Shared for hierarchical cache Hierarchy.
[2019.01.23-15.55.47:158][  0]LogMaterial: Verifying Global Shaders for PCD3D_SM5
[2019.01.23-15.55.47:160][  0]LogSlate: Using FreeType 2.6.0
[2019.01.23-15.55.47:190][  0]LogSlate: SlateFontServices - WITH_FREETYPE: 1, WITH_HARFBUZZ: 1
[2019.01.23-15.55.47:533][  0]LogAssetRegistry: FAssetRegistry took 0.0285 seconds to start up
[2019.01.23-15.55.48:107][  0]LogInit: Selected Device Profile: [Windows]
[2019.01.23-15.55.48:335][  0]LogSimplygon: Simplygon DLL not present - disabling.
[2019.01.23-15.55.48:346][  0]LogMeshReduction: Using SimplygonSwarm for distributed automatic mesh merging
[2019.01.23-15.55.48:346][  0]LogMeshReduction: Using ProxyLODMeshReduction for automatic mesh merging
[2019.01.23-15.55.48:346][  0]LogMeshReduction: Using QuadricMeshReduction for automatic static mesh reduction
[2019.01.23-15.55.48:346][  0]LogMeshReduction: No automatic skeletal mesh reduction module available
[2019.01.23-15.55.48:367][  0]LogNetVersion: KingCourse 1.0.0, NetCL: 4212847, EngineNetVer: 5, GameNetVer: 0 (Checksum: 2136539710)
[2019.01.23-15.55.49:161][  0]LogPackageLocalizationCache: Processed 11 localized package path(s) for 2 prioritized culture(s) in 0.211222 seconds
[2019.01.23-15.55.49:167][  0]LogUObjectArray: 38425 objects as part of root set at end of initial load.
[2019.01.23-15.55.49:167][  0]LogUObjectAllocator: 6690864 out of 0 bytes used by permanent object pool.
[2019.01.23-15.55.49:167][  0]LogUObjectArray: CloseDisregardForGC: 0/0 objects in disregard for GC pool
[2019.01.23-15.55.55:364][  0]LogTcpMessaging: Initializing TcpMessaging bridge
[2019.01.23-15.55.55:378][  0]LogUdpMessaging: Initializing bridge on interface 0.0.0.0:0 to multicast group 230.0.0.1:6666.
[2019.01.23-15.55.55:752][  0]SourceControl: Source control is disabled
[2019.01.23-15.55.55:752][  0]SourceControl: Source control is disabled
[2019.01.23-15.55.55:755][  0]SourceControl: Source control is disabled
[2019.01.23-15.55.55:757][  0]SourceControl: Source control is disabled
[2019.01.23-15.55.56:144][  0]LogAndroidPermission: UAndroidPermissionCallbackProxy::GetInstance
[2019.01.23-15.55.56:204][  0]LogOcInput: OculusInput pre-init called
[2019.01.23-15.55.56:299][  0]LogEngine: Initializing Engine...
[2019.01.23-15.55.56:300][  0]LogHMD: Failed to initialize OpenVR with code 110
[2019.01.23-15.55.56:301][  0]LogStats: UGameplayTagsManager::ConstructGameplayTagTree: ImportINI prefixes -  0.000 s
[2019.01.23-15.55.56:301][  0]LogStats: UGameplayTagsManager::ConstructGameplayTagTree: Construct from data asset -  0.000 s
[2019.01.23-15.55.56:301][  0]LogStats: UGameplayTagsManager::ConstructGameplayTagTree: ImportINI -  0.000 s
[2019.01.23-15.55.56:301][  0]LogStats: UGameplayTagsManager::ConstructGameplayTagTree: GameplayTagTreeChangedEvent.Broadcast -  0.000 s
[2019.01.23-15.55.56:510][  0]LogInit: Initializing FReadOnlyCVARCache
[2019.01.23-15.55.56:538][  0]LogAIModule: Creating AISystem for world Untitled
[2019.01.23-15.55.56:550][  0]LogInit: XAudio2 using 'Speakers / Headphones (Realtek High Definition Audio)' : 2 channels at 48 kHz using 32 bits per sample (channel mask 0x3)
[2019.01.23-15.55.56:747][  0]LogInit: FAudioDevice initialized.
[2019.01.23-15.55.56:747][  0]LogNetVersion: Set ProjectVersion to 1.0.0.0. Version Checksum will be recalculated on next use.
[2019.01.23-15.55.57:045][  0]LogDerivedDataCache: Saved boot cache 0.30s 71MB C:/Users/bennett253/AppData/Local/UnrealEngine/4.20/DerivedDataCache/Boot.ddc.
[2019.01.23-15.55.57:056][  0]LogInit: Texture streaming: Enabled
[2019.01.23-15.55.57:130][  0]LogEngineSessionManager: EngineSessionManager initialized
[2019.01.23-15.55.57:171][  0]LogInit: Transaction tracking system initialized
[2019.01.23-15.55.57:317][  0]BlueprintLog: New page: Editor Load
[2019.01.23-15.55.57:587][  0]LocalizationService: Localization service is disabled
[2019.01.23-15.55.58:963][  0]LogCook: Display: Max memory allowance for cook 16384mb min free memory 0mb
[2019.01.23-15.55.58:963][  0]LogCook: Display: Mobile HDR setting 1
[2019.01.23-15.55.58:963][  0]LogGameplayTags: Display: UGameplayTagsManager::DoneAddingNativeTags. DelegateIsBound: 0
[2019.01.23-15.55.58:963][  0]LogStats: UGameplayTagsManager::ConstructGameplayTagTree: ImportINI prefixes -  0.000 s
[2019.01.23-15.55.58:963][  0]LogStats: UGameplayTagsManager::ConstructGameplayTagTree: Construct from data asset -  0.000 s
[2019.01.23-15.55.58:963][  0]LogStats: UGameplayTagsManager::ConstructGameplayTagTree: ImportINI -  0.000 s
[2019.01.23-15.55.58:963][  0]LogStats: UGameplayTagsManager::ConstructGameplayTagTree: GameplayTagTreeChangedEvent.Broadcast -  0.000 s
[2019.01.23-15.55.59:477][  0]LogFileCache: Scanning file cache for directory 'C:/Users/bennett253/Documents/UnityClass/KingCourse/Content/' took 0.01s
[2019.01.23-15.55.59:477][  0]SourceControl: Source control is disabled
[2019.01.23-15.55.59:477][  0]Cmd: MAP LOAD FILE="../../../Engine/Content/Maps/Templates/Template_Default.umap" TEMPLATE=1 SHOWPROGRESS=1 FEATURELEVEL=3
[2019.01.23-15.55.59:479][  0]LightingResults: New page: Lighting Build
[2019.01.23-15.55.59:486][  0]MapCheck: New page: Map Check
[2019.01.23-15.55.59:486][  0]LightingResults: New page: Lighting Build
[2019.01.23-15.55.59:686][  0]LogAIModule: Creating AISystem for world Untitled_1
[2019.01.23-15.55.59:693][  0]LogEditorServer: Finished looking for orphan Actors (0.000 secs)
[2019.01.23-15.55.59:712][  0]Cmd: MAP CHECKDEP NOCLEARLOG
[2019.01.23-15.55.59:827][  0]MapCheck: Map check complete: 0 Error(s), 0 Warning(s), took 114.362ms to complete.
[2019.01.23-15.55.59:827][  0]LogFileHelpers: Loading map 'Template_Default' took 0.350
[2019.01.23-15.55.59:990][  0]LogSlate: Updating window title bar state: overlay mode, drag disabled, window buttons hidden, title bar hidden
[2019.01.23-15.56.00:000][  0]LogSlate: Updating window title bar state: overlay mode, drag disabled, window buttons hidden, title bar hidden
[2019.01.23-15.56.00:012][  0]LogSlate: Updating window title bar state: overlay mode, drag disabled, window buttons hidden, title bar hidden
[2019.01.23-15.56.00:024][  0]LogSlate: Updating window title bar state: overlay mode, drag disabled, window buttons hidden, title bar hidden
[2019.01.23-15.56.00:057][  0]LogCollectionManager: Loaded 0 collections in 0.007834 seconds
[2019.01.23-15.56.00:127][  0]LogFileCache: Scanning file cache for directory 'C:/Users/bennett253/Documents/UnityClass/KingCourse/Saved/Collections/' took 0.01s
[2019.01.23-15.56.00:127][  0]LogFileCache: Scanning file cache for directory 'C:/Users/bennett253/Documents/UnityClass/KingCourse/Content/Developers/bennett253/Collections/' took 0.01s
[2019.01.23-15.56.00:127][  0]LogFileCache: Scanning file cache for directory 'C:/Users/bennett253/Documents/UnityClass/KingCourse/Content/Collections/' took 0.01s
[2019.01.23-15.56.00:127][  0]LogCollectionManager: Rebuilt the GUID cache for 0 collections in 0.000000 seconds
[2019.01.23-15.56.00:141][  0]LogContentBrowser: Native class hierarchy populated in 0.0138 seconds. Added 2572 classes and 603 folders.
[2019.01.23-15.56.00:162][  0]LogContentBrowser: Native class hierarchy updated for 'WidgetCarousel' in 0.0004 seconds. Added 0 classes and 0 folders.
[2019.01.23-15.56.00:574][  0]LogContentBrowser: Native class hierarchy updated for 'AddContentDialog' in 0.0002 seconds. Added 0 classes and 0 folders.
[2019.01.23-15.56.00:582][  0]LogContentBrowser: Native class hierarchy updated for 'SceneOutliner' in 0.0003 seconds. Added 1 classes and 2 folders.
[2019.01.23-15.56.00:698][  0]LogSlate: Took 0.100440 seconds to synchronously load lazily loaded font '../../../Engine/Content/Slate/Fonts/Roboto-Regular.ttf' (155K)
[2019.01.23-15.56.00:704][  0]LogSlate: Took 0.002863 seconds to synchronously load lazily loaded font '../../../Engine/Content/Slate/Fonts/Roboto-Bold.ttf' (160K)
[2019.01.23-15.56.00:713][  0]LogSlate: Took 0.000401 seconds to synchronously load lazily loaded font '../../../Engine/Content/Editor/Slate/Fonts/FontAwesome.ttf' (139K)
[2019.01.23-15.56.00:822][  0]LogRenderer: Reallocating scene render targets to support 1208x652 Format 9 NumSamples 1 (Frame:1).
[2019.01.23-15.56.01:052][  0]LogContentBrowser: Native class hierarchy updated for 'HierarchicalLODOutliner' in 0.0009 seconds. Added 0 classes and 0 folders.
[2019.01.23-15.56.01:052][  0]LogLoad: (Engine Initialization) Total time: 23.61 seconds
[2019.01.23-15.56.01:052][  0]LogLoad: (Engine Initialization) Total Blueprint compile time: 0.00 seconds
[2019.01.23-15.56.01:122][  0]LogContentStreaming: Texture pool size now 400 MB
[2019.01.23-15.56.01:166][  1]LogFileCache: Retrieving MD5 hashes for directory 'C:/Users/bennett253/Documents/UnityClass/KingCourse/Content/' took 0.08s
[2019.01.23-15.56.01:179][  1]LogAssetRegistry: Asset discovery search completed in 13.6690 seconds
[2019.01.23-15.56.01:181][  1]LogCollectionManager: Rebuilt the object cache for 0 collections in 0.000000 seconds (found 0 objects)
[2019.01.23-15.56.01:181][  1]LogCollectionManager: Fixed up redirectors for 0 collections in 0.000036 seconds (updated 0 objects)
[2019.01.23-15.56.02:533][  5]LogSlate: Took 0.023876 seconds to synchronously load lazily loaded font '../../../Engine/Content/Slate/Fonts/Roboto-Light.ttf' (167K)
[2019.01.23-15.56.05:227][ 13]LogSlate: Took 0.007297 seconds to synchronously load lazily loaded font '../../../Engine/Content/Slate/Fonts/Roboto-Light.ttf' (167K)
[2019.01.23-16.00.48:318][131]LogSlate: FSceneViewport::OnFocusLost() reason 0
[2019.01.23-16.00.50:802][365]LogTexture: Display: Building textures: HQ_Lightmap0_2 (AutoDXT, 64X64)
[2019.01.23-16.00.50:802][365]LogTexture: Display: Building textures: LQ_Lightmap_0_2 (DXT1, 64X64)
[2019.01.23-16.00.50:802][365]LogTexture: Display: Building textures: ShadowMapTexture2D_5 (G8, 32X32)
[2019.01.23-16.00.50:802][365]LogTexture: Display: Building textures: ShadowMapTexture2D_4 (G8, 1024X64)
[2019.01.23-16.00.50:802][365]LogTexture: Display: Building textures: LQ_Lightmap_0_1 (DXT1, 1024X1024)
[2019.01.23-16.00.50:802][365]LogStaticMesh: Building static mesh Low_Poly_Castle_Elevator_Bridge...
[2019.01.23-16.00.50:816][365]LogTexture: Display: Building textures: HQ_Lightmap0_1 (AutoDXT, 1024X1024)
[2019.01.23-16.00.50:817][365]LogStaticMesh: Built static mesh [0.02s] /Game/BlendSwapAssets/Low_Poly_Castle_Elevator_Bridge.Low_Poly_Castle_Elevator_Bridge
[2019.01.23-16.00.50:829][365]LogStaticMesh: Building static mesh Low_Poly_Castle_LongWall2...
[2019.01.23-16.00.50:834][365]LogStaticMesh: Built static mesh [0.00s] /Game/BlendSwapAssets/Low_Poly_Castle_LongWall2.Low_Poly_Castle_LongWall2
[2019.01.23-16.00.50:970][365]LogStaticMesh: Building static mesh Low_Poly_Castle_Tower3...
[2019.01.23-16.00.50:980][365]LogStaticMesh: Built static mesh [0.01s] /Game/BlendSwapAssets/Low_Poly_Castle_Tower3.Low_Poly_Castle_Tower3
[2019.01.23-16.00.50:983][365]LogStaticMesh: Building static mesh tree_trunk4...
[2019.01.23-16.00.50:999][365]LogStaticMesh: Built static mesh [0.02s] /Game/BlendSwapAssets/tree_trunk4.tree_trunk4
[2019.01.23-16.00.51:001][365]LogStaticMesh: Building static mesh tree_trunk2...
[2019.01.23-16.00.51:009][365]LogStaticMesh: Built static mesh [0.01s] /Game/BlendSwapAssets/tree_trunk2.tree_trunk2
[2019.01.23-16.00.51:012][365]LogMaterial: Display: Missing cached shader map for material Material__2, compiling. 
[2019.01.23-16.00.51:075][365]LogStaticMesh: Building static mesh tree_trunk1...
[2019.01.23-16.00.51:082][365]LogStaticMesh: Built static mesh [0.01s] /Game/BlendSwapAssets/tree_trunk1.tree_trunk1
[2019.01.23-16.00.51:088][365]LogShaderCompilers: Display: Shaders left to compile 31
[2019.01.23-16.00.51:088][365]LogShaderCompilers: Display: Shaders left to compile 21
[2019.01.23-16.00.51:089][365]LogShaderCompilers: Display: Shaders left to compile 11
[2019.01.23-16.00.51:089][365]LogShaderCompilers: Display: Shaders left to compile 1
[2019.01.23-16.00.51:089][365]LogStaticMesh: Building static mesh tree_crown5...
[2019.01.23-16.00.51:102][365]LogStaticMesh: Built static mesh [0.01s] /Game/BlendSwapAssets/tree_crown5.tree_crown5
[2019.01.23-16.00.51:105][365]LogStaticMesh: Building static mesh tree_crown2...
[2019.01.23-16.00.51:108][365]LogStaticMesh: Built static mesh [0.00s] /Game/BlendSwapAssets/tree_crown2.tree_crown2
[2019.01.23-16.00.51:114][365]LogMaterial: Display: Missing cached shader map for material Material__1, compiling. 
[2019.01.23-16.00.51:160][365]LogStaticMesh: Building static mesh tree_crown1...
[2019.01.23-16.00.51:171][365]LogStaticMesh: Built static mesh [0.01s] /Game/BlendSwapAssets/tree_crown1.tree_crown1
[2019.01.23-16.00.51:182][365]LogStaticMesh: Building static mesh Lowpoly_tree_sample_Tree_lp_11...
[2019.01.23-16.00.51:207][365]LogStaticMesh: Built static mesh [0.03s] /Game/BlendSwapAssets/Lowpoly_tree_sample_Tree_lp_11.Lowpoly_tree_sample_Tree_lp_11
[2019.01.23-16.00.51:211][365]LogStaticMesh: Building static mesh Low_Poly_Castle_Wall2...
[2019.01.23-16.00.51:215][365]LogStaticMesh: Built static mesh [0.00s] /Game/BlendSwapAssets/Low_Poly_Castle_Wall2.Low_Poly_Castle_Wall2
[2019.01.23-16.00.51:222][365]LogStaticMesh: Building static mesh Low_Poly_Castle_Wall...
[2019.01.23-16.00.51:232][365]LogStaticMesh: Built static mesh [0.01s] /Game/BlendSwapAssets/Low_Poly_Castle_Wall.Low_Poly_Castle_Wall
[2019.01.23-16.00.51:238][365]LogStaticMesh: Building static mesh Low_Poly_Castle_Tower...
[2019.01.23-16.00.51:248][365]LogStaticMesh: Built static mesh [0.01s] /Game/BlendSwapAssets/Low_Poly_Castle_Tower.Low_Poly_Castle_Tower
[2019.01.23-16.00.51:254][365]LogMaterial: Display: Missing cached shader map for material Material_2, compiling. 
[2019.01.23-16.00.51:293][365]LogStaticMesh: Building static mesh FP_Object_4...
[2019.01.23-16.00.51:312][365]LogStaticMesh: Built static mesh [0.02s] /Game/BlendSwapAssets/FP_Object_4.FP_Object_4
[2019.01.23-16.00.51:323][365]LogAIModule: Creating AISystem for world CastleStarted
[2019.01.23-16.00.51:336][365]LogAssetEditorManager: Opening Asset editor for World /Game/CastleStarted.CastleStarted
[2019.01.23-16.00.51:367][365]Cmd: MAP LOAD FILE="../../../../../../Users/bennett253/Documents/UnityClass/KingCourse/Content/CastleStarted.umap" TEMPLATE=0 SHOWPROGRESS=1 FEATURELEVEL=3
[2019.01.23-16.00.51:367][365]LightingResults: New page: Lighting Build
[2019.01.23-16.00.51:369][365]LoadErrors: New page: Loading map: CastleStarted.umap
[2019.01.23-16.00.51:370][365]MapCheck: New page: Map Check
[2019.01.23-16.00.51:370][365]LightingResults: New page: Lighting Build
[2019.01.23-16.00.51:404][365]LogEditorServer: Finished looking for orphan Actors (0.000 secs)
[2019.01.23-16.00.51:452][365]Cmd: MAP CHECKDEP NOCLEARLOG
[2019.01.23-16.00.51:581][365]MapCheck: Map check complete: 0 Error(s), 0 Warning(s), took 128.844ms to complete.
[2019.01.23-16.00.51:582][365]LogFileHelpers: Loading map 'CastleStarted' took 0.218
[2019.01.23-16.00.52:032][404]LogShaderCompilers: Display: Shaders left to compile 91
[2019.01.23-16.00.54:299][612]LogShaderCompilers: Display: Shaders left to compile 81
[2019.01.23-16.00.54:353][617]LogShaderCompilers: Display: Shaders left to compile 71
[2019.01.23-16.00.55:622][728]LogShaderCompilers: Display: Shaders left to compile 61
[2019.01.23-16.00.55:645][730]LogShaderCompilers: Display: Shaders left to compile 51
[2019.01.23-16.00.57:949][895]LogShaderCompilers: Display: Shaders left to compile 41
[2019.01.23-16.00.58:032][900]LogShaderCompilers: Display: Shaders left to compile 31
[2019.01.23-16.00.58:341][920]LogShaderCompilers: Display: Shaders left to compile 21
[2019.01.23-16.00.59:271][993]LogShaderCompilers: Display: Shaders left to compile 11
[2019.01.23-16.01.00:755][103]LogShaderCompilers: Display: Shaders left to compile 1
[2019.01.23-16.01.24:536][542]LogSlate: FSceneViewport::OnFocusLost() reason 0
[2019.01.23-16.01.24:753][558]LogSkeletalMesh: Building Skeletal Mesh 123_flag2...
[2019.01.23-16.01.24:753][558]LogSkeletalMesh: Built Skeletal Mesh [0.00s] /Game/BlendSwapAssets/123.123_flag2
[2019.01.23-16.01.24:753][558]LogSkeletalMesh: Building Skeletal Mesh 123_flag2_1...
[2019.01.23-16.01.24:753][558]LogSkeletalMesh: Built Skeletal Mesh [0.00s] /Game/BlendSwapAssets/123.123_flag2_1
[2019.01.23-16.01.24:754][558]LogSkeletalMesh: Building Skeletal Mesh 123_flag2_2...
[2019.01.23-16.01.24:754][558]LogSkeletalMesh: Built Skeletal Mesh [0.00s] /Game/BlendSwapAssets/123.123_flag2_2
[2019.01.23-16.01.24:754][558]LogSkeletalMesh: Building Skeletal Mesh 123_flag2_3...
[2019.01.23-16.01.24:754][558]LogSkeletalMesh: Built Skeletal Mesh [0.00s] /Game/BlendSwapAssets/123.123_flag2_3
[2019.01.23-16.01.24:757][558]LogMaterial: Display: Missing cached shader map for material Material__0, compiling. 
[2019.01.23-16.01.24:786][558]LogMaterial: Display: Missing cached shader map for material 07_-_Par_défaut, compiling. 
[2019.01.23-16.01.24:820][558]LogShaderCompilers: Display: Shaders left to compile 60
[2019.01.23-16.01.24:820][558]LogShaderCompilers: Display: Shaders left to compile 50
[2019.01.23-16.01.24:820][558]LogShaderCompilers: Display: Shaders left to compile 40
[2019.01.23-16.01.24:820][558]LogShaderCompilers: Display: Shaders left to compile 30
[2019.01.23-16.01.24:820][558]LogMaterial: Display: Missing cached shader map for material Material__3, compiling. 
[2019.01.23-16.01.24:849][558]LogStaticMesh: Building static mesh Low_Poly_Castle_LongWall...
[2019.01.23-16.01.24:856][558]LogStaticMesh: Built static mesh [0.01s] /Game/BlendSwapAssets/Low_Poly_Castle_LongWall.Low_Poly_Castle_LongWall
[2019.01.23-16.01.24:860][558]LogAIModule: Creating AISystem for world NewMap
[2019.01.23-16.01.24:867][558]LogAssetEditorManager: Opening Asset editor for World /Game/NewMap.NewMap
[2019.01.23-16.01.24:898][558]Cmd: MAP LOAD FILE="../../../../../../Users/bennett253/Documents/UnityClass/KingCourse/Content/NewMap.umap" TEMPLATE=0 SHOWPROGRESS=1 FEATURELEVEL=3
[2019.01.23-16.01.24:898][558]LightingResults: New page: Lighting Build
[2019.01.23-16.01.24:899][558]LoadErrors: New page: Loading map: NewMap.umap
[2019.01.23-16.01.24:901][558]MapCheck: New page: Map Check
[2019.01.23-16.01.24:901][558]LightingResults: New page: Lighting Build
[2019.01.23-16.01.24:932][558]LogEditorServer: Finished looking for orphan Actors (0.000 secs)
[2019.01.23-16.01.25:010][558]Cmd: MAP CHECKDEP NOCLEARLOG
[2019.01.23-16.01.25:153][558]MapCheck: Map check complete: 0 Error(s), 0 Warning(s), took 142.784ms to complete.
[2019.01.23-16.01.25:155][558]LogFileHelpers: Loading map 'NewMap' took 0.258
[2019.01.23-16.01.27:727][732]LogShaderCompilers: Display: Shaders left to compile 140
[2019.01.23-16.01.28:448][776]LogShaderCompilers: Display: Shaders left to compile 130
[2019.01.23-16.01.29:707][849]LogShaderCompilers: Display: Shaders left to compile 120
[2019.01.23-16.01.29:821][855]LogShaderCompilers: Display: Shaders left to compile 110
[2019.01.23-16.01.31:273][931]LogShaderCompilers: Display: Shaders left to compile 100
[2019.01.23-16.01.32:389][  1]LogShaderCompilers: Display: Shaders left to compile 90
[2019.01.23-16.01.32:639][ 16]LogShaderCompilers: Display: Shaders left to compile 80
[2019.01.23-16.01.34:279][118]LogShaderCompilers: Display: Shaders left to compile 70
[2019.01.23-16.01.34:465][131]LogShaderCompilers: Display: Shaders left to compile 60
[2019.01.23-16.01.35:692][203]LogShaderCompilers: Display: Shaders left to compile 50
[2019.01.23-16.01.36:901][272]LogShaderCompilers: Display: Shaders left to compile 40
[2019.01.23-16.01.37:108][283]LogShaderCompilers: Display: Shaders left to compile 30
[2019.01.23-16.01.38:395][359]LogShaderCompilers: Display: Shaders left to compile 20
[2019.01.23-16.01.39:893][459]LogShaderCompilers: Display: Shaders left to compile 10
[2019.01.23-16.02.28:323][955]LogAssetEditorManager: Opening Asset editor for World /Game/NewMap.NewMap
[2019.01.23-16.02.28:345][955]Cmd: MAP LOAD FILE="../../../../../../Users/bennett253/Documents/UnityClass/KingCourse/Content/NewMap.umap" TEMPLATE=0 SHOWPROGRESS=1 FEATURELEVEL=3
[2019.01.23-16.02.28:345][955]LightingResults: New page: Lighting Build
[2019.01.23-16.02.28:346][955]LoadErrors: New page: Loading map: NewMap.umap
[2019.01.23-16.02.28:347][955]MapCheck: New page: Map Check
[2019.01.23-16.02.28:347][955]LightingResults: New page: Lighting Build
[2019.01.23-16.02.28:391][955]LogAIModule: Creating AISystem for world NewMap
[2019.01.23-16.02.28:394][955]LogEditorServer: Finished looking for orphan Actors (0.000 secs)
[2019.01.23-16.02.28:442][955]Cmd: MAP CHECKDEP NOCLEARLOG
[2019.01.23-16.02.28:563][955]MapCheck: Map check complete: 0 Error(s), 0 Warning(s), took 120.834ms to complete.
[2019.01.23-16.02.28:564][955]LogFileHelpers: Loading map 'NewMap' took 0.220
[2019.01.23-16.02.34:653][582]LogPlayLevel: PlayLevel: No blueprints needed recompiling
[2019.01.23-16.02.34:666][582]PIE: New page: SIE session: NewMap (Jan 23, 2019, 6:02:34 AM)
[2019.01.23-16.02.34:666][582]LogPlayLevel: Creating play world package: /Game/UEDPIE_0_NewMap
[2019.01.23-16.02.34:669][582]LogPlayLevel: PIE: StaticDuplicateObject took: (0.003292s)
[2019.01.23-16.02.34:670][582]LogAIModule: Creating AISystem for world NewMap
[2019.01.23-16.02.34:671][582]LogPlayLevel: PIE: World Init took: (0.001033s)
[2019.01.23-16.02.34:671][582]LogPlayLevel: PIE: Created PIE world by copying editor world from /Game/NewMap.NewMap to /Game/UEDPIE_0_NewMap.NewMap (0.004522s)
[2019.01.23-16.02.34:695][582]LogInit: XAudio2 using 'Speakers / Headphones (Realtek High Definition Audio)' : 2 channels at 48 kHz using 32 bits per sample (channel mask 0x3)
[2019.01.23-16.02.34:723][582]LogInit: FAudioDevice initialized.
[2019.01.23-16.02.34:735][582]LogSlate: FSceneViewport::OnFocusLost() reason 2
[2019.01.23-16.02.34:776][582]LogLoad: Game class is 'GameModeBase'
[2019.01.23-16.02.34:778][582]LogWorld: Bringing World /Game/UEDPIE_0_NewMap.NewMap up for play (max tick rate 0) at 2019.01.23-11.02.34
[2019.01.23-16.02.34:778][582]LogWorld: Bringing up level for play took: 0.001047
[2019.01.23-16.02.34:799][582]LogGameMode: FindPlayerStart: PATHS NOT DEFINED or NO PLAYERSTART with positive rating
[2019.01.23-16.02.34:812][582]LogContentBrowser: Native class hierarchy updated for 'MovieSceneCapture' in 0.0003 seconds. Added 10 classes and 0 folders.
[2019.01.23-16.02.34:813][582]PIE: Play in editor start time for /Game/UEDPIE_0_NewMap -0.833
[2019.01.23-16.02.43:750][451]LogSlate: FSceneViewport::OnFocusLost() reason 0
[2019.01.23-16.02.55:808][712]LogEditorViewport: Clicking on Actor (LMB): StaticMeshActor (Floor)
[2019.01.23-16.02.56:927][796]LogEditorViewport: Clicking on Actor (LMB): BP_Sky_Sphere_C (Sky Sphere)
[2019.01.23-16.02.59:853][ 24]PIE: Warning: Mobility of /Game/UEDPIE_0_NewMap.NewMap:PersistentLevel.SkySphere : Base has to be 'Movable' if you'd like to move. 
[2019.01.23-16.02.59:865][ 25]PIE: Warning: Mobility of /Game/UEDPIE_0_NewMap.NewMap:PersistentLevel.SkySphere : Base has to be 'Movable' if you'd like to move. 
[2019.01.23-16.02.59:886][ 27]PIE: Warning: Mobility of /Game/UEDPIE_0_NewMap.NewMap:PersistentLevel.SkySphere : Base has to be 'Movable' if you'd like to move. 
[2019.01.23-16.02.59:898][ 28]PIE: Warning: Mobility of /Game/UEDPIE_0_NewMap.NewMap:PersistentLevel.SkySphere : Base has to be 'Movable' if you'd like to move. 
[2019.01.23-16.02.59:909][ 29]PIE: Warning: Mobility of /Game/UEDPIE_0_NewMap.NewMap:PersistentLevel.SkySphere : Base has to be 'Movable' if you'd like to move. 
[2019.01.23-16.02.59:919][ 30]PIE: Warning: Mobility of /Game/UEDPIE_0_NewMap.NewMap:PersistentLevel.SkySphere : Base has to be 'Movable' if you'd like to move. 
[2019.01.23-16.02.59:931][ 31]PIE: Warning: Mobility of /Game/UEDPIE_0_NewMap.NewMap:PersistentLevel.SkySphere : Base has to be 'Movable' if you'd like to move. 
[2019.01.23-16.02.59:943][ 32]PIE: Warning: Mobility of /Game/UEDPIE_0_NewMap.NewMap:PersistentLevel.SkySphere : Base has to be 'Movable' if you'd like to move. 
[2019.01.23-16.02.59:952][ 33]PIE: Warning: Mobility of /Game/UEDPIE_0_NewMap.NewMap:PersistentLevel.SkySphere : Base has to be 'Movable' if you'd like to move. 
[2019.01.23-16.02.59:964][ 34]PIE: Warning: Mobility of /Game/UEDPIE_0_NewMap.NewMap:PersistentLevel.SkySphere : Base has to be 'Movable' if you'd like to move. 
[2019.01.23-16.02.59:975][ 35]PIE: Warning: Mobility of /Game/UEDPIE_0_NewMap.NewMap:PersistentLevel.SkySphere : Base has to be 'Movable' if you'd like to move. 
[2019.01.23-16.02.59:985][ 36]PIE: Warning: Mobility of /Game/UEDPIE_0_NewMap.NewMap:PersistentLevel.SkySphere : Base has to be 'Movable' if you'd like to move. 
[2019.01.23-16.02.59:996][ 37]PIE: Warning: Mobility of /Game/UEDPIE_0_NewMap.NewMap:PersistentLevel.SkySphere : Base has to be 'Movable' if you'd like to move. 
[2019.01.23-16.03.00:019][ 39]PIE: Warning: Mobility of /Game/UEDPIE_0_NewMap.NewMap:PersistentLevel.SkySphere : Base has to be 'Movable' if you'd like to move. 
[2019.01.23-16.03.00:030][ 40]PIE: Warning: Mobility of /Game/UEDPIE_0_NewMap.NewMap:PersistentLevel.SkySphere : Base has to be 'Movable' if you'd like to move. 
[2019.01.23-16.03.00:063][ 43]PIE: Warning: Mobility of /Game/UEDPIE_0_NewMap.NewMap:PersistentLevel.SkySphere : Base has to be 'Movable' if you'd like to move. 
[2019.01.23-16.03.00:085][ 45]PIE: Warning: Mobility of /Game/UEDPIE_0_NewMap.NewMap:PersistentLevel.SkySphere : Base has to be 'Movable' if you'd like to move. 
[2019.01.23-16.03.00:239][ 59]PIE: Warning: Mobility of /Game/UEDPIE_0_NewMap.NewMap:PersistentLevel.SkySphere : Base has to be 'Movable' if you'd like to move. 
[2019.01.23-16.03.00:284][ 63]PIE: Warning: Mobility of /Game/UEDPIE_0_NewMap.NewMap:PersistentLevel.SkySphere : Base has to be 'Movable' if you'd like to move. 
[2019.01.23-16.03.00:317][ 66]PIE: Warning: Mobility of /Game/UEDPIE_0_NewMap.NewMap:PersistentLevel.SkySphere : Base has to be 'Movable' if you'd like to move. 
[2019.01.23-16.03.00:351][ 69]PIE: Warning: Mobility of /Game/UEDPIE_0_NewMap.NewMap:PersistentLevel.SkySphere : Base has to be 'Movable' if you'd like to move. 
[2019.01.23-16.03.00:374][ 71]PIE: Warning: Mobility of /Game/UEDPIE_0_NewMap.NewMap:PersistentLevel.SkySphere : Base has to be 'Movable' if you'd like to move. 
[2019.01.23-16.03.00:385][ 72]PIE: Warning: Mobility of /Game/UEDPIE_0_NewMap.NewMap:PersistentLevel.SkySphere : Base has to be 'Movable' if you'd like to move. 
[2019.01.23-16.03.00:397][ 73]PIE: Warning: Mobility of /Game/UEDPIE_0_NewMap.NewMap:PersistentLevel.SkySphere : Base has to be 'Movable' if you'd like to move. 
[2019.01.23-16.03.00:439][ 77]PIE: Warning: Mobility of /Game/UEDPIE_0_NewMap.NewMap:PersistentLevel.SkySphere : Base has to be 'Movable' if you'd like to move. 
[2019.01.23-16.03.14:413][215]LogSlate: FSceneViewport::OnFocusLost() reason 0
[2019.01.23-16.03.23:353][ 76]PIE: Warning: Mobility of /Game/UEDPIE_0_NewMap.NewMap:PersistentLevel.PlayerStart : CollisionCapsule has to be 'Movable' if you'd like to move. 
[2019.01.23-16.03.23:353][ 76]PIE: Warning: Mobility of /Game/UEDPIE_0_NewMap.NewMap:PersistentLevel.PlayerStart : CollisionCapsule has to be 'Movable' if you'd like to move. 
[2019.01.23-16.03.23:381][ 79]PIE: Warning: Mobility of /Game/UEDPIE_0_NewMap.NewMap:PersistentLevel.PlayerStart : CollisionCapsule has to be 'Movable' if you'd like to move. 
[2019.01.23-16.03.23:381][ 79]PIE: Warning: Mobility of /Game/UEDPIE_0_NewMap.NewMap:PersistentLevel.PlayerStart : CollisionCapsule has to be 'Movable' if you'd like to move. 
[2019.01.23-16.03.23:553][ 97]LogNavigationPoint: PostEditMove Clear paths rebuilt
[2019.01.23-16.03.25:232][217]LogWindows: LaunchURL http://docs.unrealengine.com/latest/INT/Engine/UI/LevelEditor/Viewports/ViewportControls/index.html
[2019.01.23-16.03.25:387][217]LogSlate: FSceneViewport::OnFocusLost() reason 0
[2019.01.23-16.03.42:290][350]LogEditorViewport: Clicking on Actor (LMB): StaticMeshActor (Floor)
[2019.01.23-16.03.45:858][627]LogSlate: FSceneViewport::OnFocusLost() reason 0
[2019.01.23-16.16.53:331][249]LogAIModule: Creating AISystem for world CastleStarted
[2019.01.23-16.16.53:335][249]LogAssetEditorManager: Opening Asset editor for World /Game/CastleStarted.CastleStarted
[2019.01.23-16.16.55:996][249]LogSlate: Window 'Message' being destroyed
[2019.01.23-16.16.56:004][249]LogSlate: Updating window title bar state: overlay mode, drag disabled, window buttons hidden, title bar hidden
[2019.01.23-16.16.56:034][249]LogPlayLevel: Display: Shutting down PIE online subsystems
[2019.01.23-16.16.56:059][249]LogSlate: Updating window title bar state: overlay mode, drag disabled, window buttons hidden, title bar hidden
[2019.01.23-16.16.56:069][249]Cmd: MAP LOAD FILE="../../../../../../Users/bennett253/Documents/UnityClass/KingCourse/Content/CastleStarted.umap" TEMPLATE=0 SHOWPROGRESS=1 FEATURELEVEL=3
[2019.01.23-16.16.56:085][249]LightingResults: New page: Lighting Build
[2019.01.23-16.16.56:087][249]LoadErrors: New page: Loading map: CastleStarted.umap
[2019.01.23-16.16.56:087][249]MapCheck: New page: Map Check
[2019.01.23-16.16.56:087][249]LightingResults: New page: Lighting Build
[2019.01.23-16.16.56:121][249]LogEditorServer: Finished looking for orphan Actors (0.000 secs)
[2019.01.23-16.16.56:177][249]Cmd: MAP CHECKDEP NOCLEARLOG
[2019.01.23-16.16.56:301][249]MapCheck: Map check complete: 0 Error(s), 0 Warning(s), took 124.1ms to complete.
[2019.01.23-16.16.56:301][249]LogFileHelpers: Loading map 'CastleStarted' took 2.944
[2019.01.23-16.16.56:368][250]LogPlayLevel: Display: Destroying online subsystem :Context_1
[2019.01.23-16.16.58:753][450]LogEditorViewport: Clicking on Actor (LMB): NewBlueprint_C (NewBlueprint)
[2019.01.23-16.17.03:135][783]LogEditorViewport: Clicking on Actor (LMB): NewBlueprint_C (NewBlueprint)
[2019.01.23-16.17.03:190][785]LogEditorViewport: Clicking on Component (LMB): StaticMeshComponent (StaticMesh)
[2019.01.23-16.17.04:573][887]LogSlate: FSceneViewport::OnFocusLost() reason 0
[2019.01.23-16.17.05:938][  0]LogAssetEditorManager: Opening Asset editor for Blueprint /Game/Blueprints/NewBlueprint.NewBlueprint
[2019.01.23-16.17.06:383][  0]LogContentBrowser: Native class hierarchy updated for 'BlueprintGraph' in 0.0006 seconds. Added 116 classes and 0 folders.
[2019.01.23-16.17.07:228][  0]LogSlate: Took 0.000453 seconds to synchronously load lazily loaded font '../../../Engine/Content/Slate/Fonts/Roboto-BoldCondensed.ttf' (158K)
[2019.01.23-16.17.09:545][170]LogSlate: Window 'NewBlueprint' being destroyed
[2019.01.23-16.17.11:242][373]LogSlate: Took 0.000304 seconds to synchronously load lazily loaded font '../../../Engine/Content/Slate/Fonts/Roboto-Italic.ttf' (157K)
[2019.01.23-16.17.15:677][879]LogRenderer: Reallocating scene render targets to support 1208x1020 Format 9 NumSamples 1 (Frame:1).
[2019.01.23-16.17.22:792][588]BlueprintLog: New page: Compile NewBlueprint
[2019.01.23-16.17.23:875][660]Cmd: OBJ SAVEPACKAGE PACKAGE="/Game/Blueprints/NewBlueprint" FILE="../../../../../../Users/bennett253/Documents/UnityClass/KingCourse/Content/Blueprints/NewBlueprint.uasset" SILENT=true
[2019.01.23-16.17.23:903][660]LogSavePackage: Moving '../../../../../../Users/bennett253/Documents/UnityClass/KingCourse/Saved/NewBlueprintFCF58F5C494EF3494085198CFB8A9ED2.tmp' to '../../../../../../Users/bennett253/Documents/UnityClass/KingCourse/Content/Blueprints/NewBlueprint.uasset'
[2019.01.23-16.17.26:612][905]LogTemp: Repeating last play command: Simulate
[2019.01.23-16.17.26:638][905]LogPlayLevel: PlayLevel: No blueprints needed recompiling
[2019.01.23-16.17.26:638][905]PIE: New page: SIE session: CastleStarted (Jan 23, 2019, 6:17:26 AM)
[2019.01.23-16.17.26:638][905]LogPlayLevel: Creating play world package: /Game/UEDPIE_0_CastleStarted
[2019.01.23-16.17.26:643][905]LogPlayLevel: PIE: StaticDuplicateObject took: (0.004796s)
[2019.01.23-16.17.26:644][905]LogAIModule: Creating AISystem for world CastleStarted
[2019.01.23-16.17.26:645][905]LogPlayLevel: PIE: World Init took: (0.001250s)
[2019.01.23-16.17.26:645][905]LogPlayLevel: PIE: Created PIE world by copying editor world from /Game/CastleStarted.CastleStarted to /Game/UEDPIE_0_CastleStarted.CastleStarted (0.006262s)
[2019.01.23-16.17.26:679][905]LogInit: XAudio2 using 'Speakers / Headphones (Realtek High Definition Audio)' : 2 channels at 48 kHz using 32 bits per sample (channel mask 0x3)
[2019.01.23-16.17.26:711][905]LogInit: FAudioDevice initialized.
[2019.01.23-16.17.26:744][905]LogLoad: Game class is 'GameModeBase'
[2019.01.23-16.17.26:746][905]LogWorld: Bringing World /Game/UEDPIE_0_CastleStarted.CastleStarted up for play (max tick rate 0) at 2019.01.23-11.17.26
[2019.01.23-16.17.26:746][905]LogWorld: Bringing up level for play took: 0.001590
[2019.01.23-16.17.26:759][905]PIE: Play in editor start time for /Game/UEDPIE_0_CastleStarted 1.101
[2019.01.23-16.17.28:351][ 52]LogSlate: Updating window title bar state: overlay mode, drag disabled, window buttons hidden, title bar hidden
[2019.01.23-16.17.28:385][ 52]LogPlayLevel: Display: Shutting down PIE online subsystems
[2019.01.23-16.17.28:417][ 52]LogSlate: Updating window title bar state: overlay mode, drag disabled, window buttons hidden, title bar hidden
[2019.01.23-16.17.28:453][ 55]LogPlayLevel: Display: Destroying online subsystem :Context_9
[2019.01.23-16.17.32:062][394]Cmd: OBJ SAVEPACKAGE PACKAGE="/Game/CastleStarted" FILE="../../../../../../Users/bennett253/Documents/UnityClass/KingCourse/Content/CastleStarted.umap" SILENT=true AUTOSAVING=false KEEPDIRTY=false
[2019.01.23-16.17.32:155][394]LogSavePackage: Moving '../../../../../../Users/bennett253/Documents/UnityClass/KingCourse/Saved/CastleStartedAC21987A4E02EC83C18AA4AC718A7C82.tmp' to '../../../../../../Users/bennett253/Documents/UnityClass/KingCourse/Content/CastleStarted.umap'
[2019.01.23-16.17.32:185][394]Cmd: OBJ SAVEPACKAGE PACKAGE="/Game/CastleStarted_BuiltData" FILE="../../../../../../Users/bennett253/Documents/UnityClass/KingCourse/Content/CastleStarted_BuiltData.uasset" SILENT=true
[2019.01.23-16.17.32:283][394]LogSavePackage: Moving '../../../../../../Users/bennett253/Documents/UnityClass/KingCourse/Saved/CastleStarted_BuiltData3E817662492CC1B2BFEEB69CC6CB05D5.tmp' to '../../../../../../Users/bennett253/Documents/UnityClass/KingCourse/Content/CastleStarted_BuiltData.uasset'
[2019.01.23-16.53.37:489][946]LogEditorViewport: Clicking on Actor (LMB): StaticMeshActor (Low_Poly_Castle_Tower)
[2019.01.23-16.53.40:951][275]LogSlate: FSceneViewport::OnFocusLost() reason 0
[2019.01.23-16.53.50:001][ 31]LogSlate: FSceneViewport::OnFocusLost() reason 0
[2019.01.23-16.53.50:099][ 42]MapCheck: New page: Map Check
[2019.01.23-16.53.50:109][ 42]Cmd: MAP REBUILD ALLVISIBLE
[2019.01.23-16.53.50:109][ 42]LogEditorServer: Rebuildmap Clear paths rebuilt
[2019.01.23-16.53.50:171][ 42]LogMaterial: Display: Missing cached shader map for material FDebugViewModeMaterialProxy DefaultMaterial, compiling. 
[2019.01.23-16.53.50:178][ 42]LogMaterial: Display: Missing cached shader map for material FDebugViewModeMaterialProxy MaterialInstanceDynamic_0, compiling. 
[2019.01.23-16.53.50:184][ 42]LogShaderCompilers: Display: Shaders left to compile 2
[2019.01.23-16.53.50:184][ 42]LogShaderCompilers: Display: Shaders left to compile 1
[2019.01.23-16.53.50:184][ 42]LogMaterial: Display: Missing cached shader map for material FDebugViewModeMaterialProxy BasicShapeMaterial, compiling. 
[2019.01.23-16.53.50:190][ 42]LogMaterial: Display: Missing cached shader map for material FDebugViewModeMaterialProxy WorldGridMaterial, compiling. Is special engine material.
[2019.01.23-16.53.50:196][ 42]LogMaterial: Display: Missing cached shader map for material FDebugViewModeMaterialProxy Material__2, compiling. 
[2019.01.23-16.53.50:201][ 42]LogMaterial: Display: Missing cached shader map for material FDebugViewModeMaterialProxy Material__1, compiling. 
[2019.01.23-16.53.50:206][ 42]LogMaterial: Display: Missing cached shader map for material FDebugViewModeMaterialProxy Material_2, compiling. 
[2019.01.23-16.53.51:218][ 42]LogShaderCompilers: Display: Shaders left to compile 5
[2019.01.23-16.53.51:218][ 42]LogShaderCompilers: Display: Shaders left to compile 4
[2019.01.23-16.53.51:218][ 42]LogShaderCompilers: Display: Shaders left to compile 3
[2019.01.23-16.53.51:218][ 42]LogShaderCompilers: Display: Shaders left to compile 2
[2019.01.23-16.53.51:218][ 42]LogShaderCompilers: Display: Shaders left to compile 1
[2019.01.23-16.53.51:218][ 42]TextureStreamingBuild: Display: Compiling optional shaders took 1.051 seconds.
[2019.01.23-16.53.51:228][ 42]LogLevel: Display: Export Material TexCoord Scales took 0.011 seconds.
[2019.01.23-16.53.51:245][ 42]TextureStreamingBuild: Display: Build Texture Streaming took 0.016 seconds.
[2019.01.23-16.53.51:271][ 42]LightingResults: New page: Lighting Build - Jan 23, 2019, 6:53:51 AM
[2019.01.23-16.53.51:335][ 42]LogSwarmInterface: [OpenConnection] Registering TCP channel ...
[2019.01.23-16.53.51:472][ 42]LogSwarmInterface: [OpenConnection] Connecting to agent ...
[2019.01.23-16.53.51:485][ 42]LogSwarmInterface: [TryOpenConnection] Testing the Agent
[2019.01.23-16.53.52:020][ 42]LogSwarmInterface: [TryOpenConnection] Opening Connection to Agent
[2019.01.23-16.53.52:020][ 42]LogSwarmInterface: [TryOpenConnection] Local Process ID is 8776
[2019.01.23-16.53.59:209][ 42]LogStaticLightingSystem: Warning: No importance volume found, so the scene bounding box was used.  You can optimize your scene's quality and lighting build times by adding importance volumes.
[2019.01.23-16.53.59:210][ 42]LogStaticLightingSystem: Running Lightmass w/ ImmediateImport mode ENABLED
[2019.01.23-16.53.59:210][ 42]LogStaticLightingSystem: Running Lightmass w/ ImmediateProcess mode ENABLED
[2019.01.23-16.53.59:210][ 42]LogStaticLightingSystem: Running Lightmass w/ Sorting mode ENABLED
[2019.01.23-16.53.59:210][ 42]LogStaticLightingSystem: Running Lightmass w/ Mapping paddings ENABLED
[2019.01.23-16.53.59:210][ 42]LogStaticLightingSystem: Running Lightmass w/ Mapping debug paddings DISABLED
[2019.01.23-16.53.59:446][ 42]Cmd: MAP CHECK DONTDISPLAYDIALOG
[2019.01.23-16.53.59:446][ 42]MapCheck: New page: CastleStarted - Jan 23, 2019, 6:53:59 AM
[2019.01.23-16.53.59:447][ 42]MapCheck: Error: WorldSettings_1 Maps need lighting rebuilt 
[2019.01.23-16.53.59:582][ 42]MapCheck: Map check complete: 1 Error(s), 0 Warning(s), took 136.174ms to complete.
[2019.01.23-16.53.59:605][ 42]LogEditorBuildUtils: Build time 0:09
[2019.01.23-16.53.59:637][ 42]LogMaterial: Display: Missing cached shader map for material FLightmassMaterialRenderer DefaultMaterial, compiling. 
[2019.01.23-16.53.59:647][ 42]LogMaterial: Display: Missing cached shader map for material FLightmassMaterialRenderer DefaultMaterial, compiling. 
[2019.01.23-16.53.59:683][ 42]LogShaderCompilers: Display: Shaders left to compile 2
[2019.01.23-16.53.59:683][ 42]LogShaderCompilers: Display: Shaders left to compile 2
[2019.01.23-16.53.59:835][ 44]LogMaterial: Display: Missing cached shader map for material FLightmassMaterialRenderer Material__2, compiling. 
[2019.01.23-16.53.59:845][ 44]LogShaderCompilers: Display: Shaders left to compile 2
[2019.01.23-16.53.59:845][ 44]LogMaterial: Display: Missing cached shader map for material FLightmassMaterialRenderer Material__2, compiling. 
[2019.01.23-16.53.59:870][ 44]LogShaderCompilers: Display: Shaders left to compile 2
[2019.01.23-16.53.59:953][ 45]LogMaterial: Display: Missing cached shader map for material FLightmassMaterialRenderer Material__1, compiling. 
[2019.01.23-16.53.59:959][ 45]LogMaterial: Display: Missing cached shader map for material FLightmassMaterialRenderer Material__1, compiling. 
[2019.01.23-16.54.01:043][ 47]LogShaderCompilers: Display: Shaders left to compile 4
[2019.01.23-16.54.02:307][ 59]LogSlate: Window 'Message Log' being destroyed
[2019.01.23-16.54.02:315][ 59]LogSlate: Window 'Message Log' being destroyed
[2019.01.23-16.54.02:890][ 83]LogSavePackage: Moving '../../../../../../Users/bennett253/Documents/UnityClass/KingCourse/Saved/CastleStarted_Auto1E80A926D42F8118937EEB791E7790BFD.tmp' to '../../../../../../Users/bennett253/Documents/UnityClass/KingCourse/Saved/Autosaves/Game/CastleStarted_Auto1.umap'
[2019.01.23-16.54.02:904][ 83]LogFileHelpers: Editor autosave (incl. sublevels) for '/Game/CastleStarted' took 0.134
[2019.01.23-16.54.02:904][ 83]LogFileHelpers: Editor autosave (incl. sublevels) for all levels took 0.134
[2019.01.23-16.54.03:539][113]LogAssetEditorManager: Opening Asset editor for StaticMesh /Game/BlendSwapAssets/Low_Poly_Castle_Tower.Low_Poly_Castle_Tower
[2019.01.23-16.54.04:176][113]LightingResults: Warning: Lowpoly_tree_sample_Tree_lp_11 Object has overlapping UVs.
[2019.01.23-16.54.04:176][113]LightingResults: Lowpoly_tree_sample_Tree_lp_11 Lightmap UV are overlapping by 5.1%. Please adjust content - Enable Error Coloring to visualize.
[2019.01.23-16.54.04:176][113]LightingResults: Warning: Lowpoly_tree_sample_Tree_lp_11 Object has overlapping UVs.
[2019.01.23-16.54.04:176][113]LightingResults: Lowpoly_tree_sample_Tree_lp_11 Lightmap UV are overlapping by 5.1%. Please adjust content - Enable Error Coloring to visualize.
[2019.01.23-16.54.04:252][114]Job is a success!
[2019.01.23-16.54.04:252][114]LogRenderer: Reallocating scene render targets to support 1432x1044 Format 9 NumSamples 1 (Frame:1).
[2019.01.23-16.54.04:603][115]LogVolumetricLightmapImport: Imported Volumetric Lightmap in 0.023s
[2019.01.23-16.54.04:603][115]LogVolumetricLightmapImport:      Indirection Texture 16x16x16 = 0.0Mb
[2019.01.23-16.54.04:604][115]LogVolumetricLightmapImport:      BrickData 270x5x5 = 0.2Mb (trimmed 0.0Mb due to 0.010000 MinBrickError)
[2019.01.23-16.54.04:604][115]LogVolumetricLightmapImport:      Bricks at Level
[2019.01.23-16.54.04:604][115]LogVolumetricLightmapImport:          0: 1.9% covering 100.0% of volume
[2019.01.23-16.54.04:604][115]LogVolumetricLightmapImport:          1: 7.4% covering 6.3% of volume
[2019.01.23-16.54.04:604][115]LogVolumetricLightmapImport:          2: 90.7% covering 1.2% of volume
[2019.01.23-16.54.04:827][115]LogTexture: Display: Building textures: HQ_Lightmap1_1 (AutoDXT, 1024X1024)
[2019.01.23-16.54.04:827][115]LogTexture: Display: Building textures: HQ_Lightmap1_2 (AutoDXT, 64X64)
[2019.01.23-16.54.04:827][115]LogTexture: Display: Building textures: LQ_Lightmap_1_1 (DXT1, 1024X1024)
[2019.01.23-16.54.04:828][115]LogTexture: Display: Building textures: LQ_Lightmap_1_2 (DXT1, 64X64)
[2019.01.23-16.54.04:834][115]LogTexture: Display: Building textures: ShadowMapTexture2D_1 (G8, 32X32)
[2019.01.23-16.54.04:861][115]LogTexture: Display: Building textures: ShadowMapTexture2D_0 (G8, 1024X64)
[2019.01.23-16.54.04:897][115]Lightmass on COSWAEC1104-10: 2.13 sec total, 204 ms importing, 57 ms setup, 425 ms photons, 1.39 sec processing, 0 ms extra exporting [39/39 mappings]. Threads: 9.61 sec total, 2.95 sec processing.
[2019.01.23-16.54.04:945][115]LogStaticLightingSystem: Illumination: 13.4 sec (184 ms encoding lightmaps, 47 ms encoding shadowmaps)
[2019.01.23-16.54.04:945][115]LogStaticLightingSystem: Lightmap texture memory:  2.0 MB (2.0 MB streaming, 0.0 MB non-streaming), 4 textures
[2019.01.23-16.54.04:946][115]LogStaticLightingSystem: Shadowmap texture memory: 0.1 MB (0.1 MB streaming, 0.0 MB non-streaming), 2 textures
[2019.01.23-16.54.05:216][115]DumpUnbuiltLightIteractions
[2019.01.23-16.54.05:216][115]Lights with unbuilt interactions: 0
[2019.01.23-16.54.05:216][115]
[2019.01.23-16.54.05:216][115]Primitives with unbuilt interactions: 0
[2019.01.23-16.54.05:280][116]Cmd: MAP CHECK NOTIFYRESULTS
[2019.01.23-16.54.05:280][116]MapCheck: New page: CastleStarted - Jan 23, 2019, 6:54:05 AM
[2019.01.23-16.54.05:437][116]MapCheck: Map check complete: 0 Error(s), 0 Warning(s), took 156.835ms to complete.
[2019.01.23-16.54.10:599][465]LogSlate: Window 'Message Log' being destroyed
[2019.01.23-16.54.10:602][465]LogSlate: Window 'Message Log' being destroyed
[2019.01.23-16.54.25:807][649]LogEditorViewport: Clicking on Actor (LMB): NewBlueprint_C (NewBlueprint)
[2019.01.23-16.54.26:586][721]LogEditorViewport: Clicking on Actor (LMB): NewBlueprint_C (NewBlueprint)
[2019.01.23-16.54.45:681][480]LogSlate: FSceneViewport::OnFocusLost() reason 0
[2019.01.23-16.54.47:519][490]LogSlate: Window 'Save Content' being destroyed
[2019.01.23-16.54.47:645][490]LogSlate: Window 'KingCourse - Unreal Editor' being destroyed
[2019.01.23-16.54.47:850][491]Cmd: QUIT_EDITOR
[2019.01.23-16.54.48:531][491]LogWindowsTextInputMethodSystem: Display: IME system now deactivated.
[2019.01.23-16.54.48:567][491]LogExit: Preparing to exit.
[2019.01.23-16.54.49:717][491]LogExit: Editor shut down
[2019.01.23-16.54.49:718][491]LogExit: Transaction tracking system shut down
[2019.01.23-16.54.50:142][491]LogExit: Object subsystem successfully closed.
[2019.01.23-16.54.50:160][491]LogShaderCompilers: Display: Shaders left to compile 0
[2019.01.23-16.54.50:168][491]LogD3D11RHI: Shutdown
[2019.01.23-16.54.50:168][491]LogD3D11RHI: CleanupD3DDevice
[2019.01.23-16.54.50:174][491]LogD3D11RHI: ~FD3D11DynamicRHI
[2019.01.23-16.54.50:274][491]LogModuleManager: Shutting down and abandoning module StaticMeshEditor (622)
[2019.01.23-16.54.50:274][491]LogModuleManager: Shutting down and abandoning module BlueprintGraph (620)
[2019.01.23-16.54.50:274][491]LogModuleManager: Shutting down and abandoning module MovieSceneCapture (618)
[2019.01.23-16.54.50:274][491]LogModuleManager: Shutting down and abandoning module Voice (616)
[2019.01.23-16.54.50:274][491]LogModuleManager: Shutting down and abandoning module MeshBuilder (614)
[2019.01.23-16.54.50:274][491]LogModuleManager: Shutting down and abandoning module HierarchicalLODOutliner (612)
[2019.01.23-16.54.50:274][491]LogModuleManager: Shutting down and abandoning module SceneOutliner (610)
[2019.01.23-16.54.50:274][491]LogModuleManager: Shutting down and abandoning module AddContentDialog (608)
[2019.01.23-16.54.50:275][491]LogModuleManager: Shutting down and abandoning module WidgetCarousel (607)
[2019.01.23-16.54.50:275][491]LogModuleManager: Shutting down and abandoning module EditorWidgets (604)
[2019.01.23-16.54.50:275][491]LogModuleManager: Shutting down and abandoning module CollectionManager (602)
[2019.01.23-16.54.50:275][491]LogModuleManager: Shutting down and abandoning module HierarchicalLODUtilities (600)
[2019.01.23-16.54.50:275][491]LogModuleManager: Shutting down and abandoning module StatsViewer (598)
[2019.01.23-16.54.50:275][491]LogModuleManager: Shutting down and abandoning module FoliageEdit (596)
[2019.01.23-16.54.50:275][491]LogModuleManager: Shutting down and abandoning module LandscapeEditor (594)
[2019.01.23-16.54.50:275][491]LogModuleManager: Shutting down and abandoning module MeshPaintMode (592)
[2019.01.23-16.54.50:275][491]LogModuleManager: Shutting down and abandoning module SceneDepthPickerMode (590)
[2019.01.23-16.54.50:275][491]LogModuleManager: Shutting down and abandoning module ActorPickerMode (588)
[2019.01.23-16.54.50:275][491]LogModuleManager: Shutting down and abandoning module GeometryMode (586)
[2019.01.23-16.54.50:275][491]LogModuleManager: Shutting down and abandoning module TextureAlignMode (584)
[2019.01.23-16.54.50:275][491]LogModuleManager: Shutting down and abandoning module BspMode (582)
[2019.01.23-16.54.50:275][491]LogModuleManager: Shutting down and abandoning module PIEPreviewDeviceProfileSelector (580)
[2019.01.23-16.54.50:275][491]LogModuleManager: Shutting down and abandoning module SequenceRecorderSections (578)
[2019.01.23-16.54.50:275][491]LogModuleManager: Shutting down and abandoning module AutomationWorker (576)
[2019.01.23-16.54.50:275][491]LogModuleManager: Shutting down and abandoning module AudioCaptureEditor (574)
[2019.01.23-16.54.50:275][491]LogModuleManager: Shutting down and abandoning module SequenceRecorder (573)
[2019.01.23-16.54.50:275][491]LogModuleManager: Shutting down and abandoning module MatineeToLevelSequence (570)
[2019.01.23-16.54.50:276][491]LogModuleManager: Shutting down and abandoning module LevelSequenceEditor (568)
[2019.01.23-16.54.50:276][491]LogModuleManager: Shutting down and abandoning module PlacementMode (567)
[2019.01.23-16.54.50:276][491]LogModuleManager: Shutting down and abandoning module MaterialEditor (566)
[2019.01.23-16.54.50:276][491]LogModuleManager: Shutting down and abandoning module WmfMediaFactory (562)
[2019.01.23-16.54.50:276][491]LogModuleManager: Shutting down and abandoning module WmfMediaEditor (560)
[2019.01.23-16.54.50:276][491]LogModuleManager: Shutting down and abandoning module MediaPlayerEditor (558)
[2019.01.23-16.54.50:276][491]LogModuleManager: Shutting down and abandoning module OpenExrWrapper (556)
[2019.01.23-16.54.50:276][491]LogModuleManager: Shutting down and abandoning module ImgMediaFactory (554)
[2019.01.23-16.54.50:276][491]LogModuleManager: Shutting down and abandoning module ImgMediaEditor (552)
[2019.01.23-16.54.50:276][491]LogModuleManager: Shutting down and abandoning module AvfMediaFactory (550)
[2019.01.23-16.54.50:276][491]LogModuleManager: Shutting down and abandoning module AvfMediaEditor (548)
[2019.01.23-16.54.50:276][491]LogModuleManager: Shutting down and abandoning module AndroidMediaFactory (546)
[2019.01.23-16.54.50:276][491]LogModuleManager: Shutting down and abandoning module AndroidMediaEditor (544)
[2019.01.23-16.54.50:276][491]LogModuleManager: Shutting down and abandoning module MagicLeapCameraPreviewFactory (542)
[2019.01.23-16.54.50:276][491]LogModuleManager: Shutting down and abandoning module MagicLeapMediaFactory (540)
[2019.01.23-16.54.50:276][491]LogModuleManager: Shutting down and abandoning module MagicLeapMediaEditor (538)
[2019.01.23-16.54.50:276][491]LogModuleManager: Shutting down and abandoning module CharacterAI (536)
[2019.01.23-16.54.50:276][491]LogModuleManager: Shutting down and abandoning module SmartSnapping (534)
[2019.01.23-16.54.50:276][491]LogModuleManager: Shutting down and abandoning module SessionServices (532)
[2019.01.23-16.54.50:276][491]LogModuleManager: Shutting down and abandoning module ViewportSnapping (530)
[2019.01.23-16.54.50:276][491]LogModuleManager: Shutting down and abandoning module ViewportInteraction (528)
[2019.01.23-16.54.50:276][491]LogModuleManager: Shutting down and abandoning module ClothPainter (526)
[2019.01.23-16.54.50:276][491]LogModuleManager: Shutting down and abandoning module SkeletalMeshEditor (525)
[2019.01.23-16.54.50:276][491]LogModuleManager: Shutting down and abandoning module LogVisualizer (522)
[2019.01.23-16.54.50:276][491]LogModuleManager: Shutting down and abandoning module IntroTutorials (520)
[2019.01.23-16.54.50:276][491]LogModuleManager: Shutting down and abandoning module GameProjectGeneration (519)
[2019.01.23-16.54.50:276][491]LogModuleManager: Shutting down and abandoning module LuminPlatformEditor (516)
[2019.01.23-16.54.50:276][491]LogModuleManager: Shutting down and abandoning module IOSPlatformEditor (514)
[2019.01.23-16.54.50:276][491]LogModuleManager: Shutting down and abandoning module HTML5PlatformEditor (512)
[2019.01.23-16.54.50:276][491]LogModuleManager: Shutting down and abandoning module AndroidPlatformEditor (510)
[2019.01.23-16.54.50:276][491]LogModuleManager: Shutting down and abandoning module AndroidDeviceDetection (509)
[2019.01.23-16.54.51:041][491]LogModuleManager: Shutting down and abandoning module WindowsPlatformEditor (506)
[2019.01.23-16.54.51:041][491]LogModuleManager: Shutting down and abandoning module LuminRuntimeSettings (504)
[2019.01.23-16.54.51:041][491]LogModuleManager: Shutting down and abandoning module IOSRuntimeSettings (502)
[2019.01.23-16.54.51:041][491]LogModuleManager: Shutting down and abandoning module AndroidRuntimeSettings (500)
[2019.01.23-16.54.51:041][491]LogModuleManager: Shutting down and abandoning module InputBindingEditor (498)
[2019.01.23-16.54.51:041][491]LogModuleManager: Shutting down and abandoning module MergeActors (496)
[2019.01.23-16.54.51:041][491]LogModuleManager: Shutting down and abandoning module LocalizationDashboard (494)
[2019.01.23-16.54.51:042][491]LogModuleManager: Shutting down and abandoning module LocalizationService (493)
[2019.01.23-16.54.51:042][491]LogModuleManager: Shutting down and abandoning module HardwareTargeting (490)
[2019.01.23-16.54.51:042][491]LogModuleManager: Shutting down and abandoning module DeviceProfileEditor (488)
[2019.01.23-16.54.51:042][491]LogModuleManager: Shutting down and abandoning module UndoHistory (486)
[2019.01.23-16.54.51:042][491]LogModuleManager: Shutting down and abandoning module XmlParser (484)
[2019.01.23-16.54.51:042][491]LogModuleManager: Shutting down and abandoning module Blutility (482)
[2019.01.23-16.54.51:042][491]LogModuleManager: Shutting down and abandoning module ProjectSettingsViewer (480)
[2019.01.23-16.54.51:042][491]LogModuleManager: Shutting down and abandoning module ProjectTargetPlatformEditor (479)
[2019.01.23-16.54.51:043][491]LogModuleManager: Shutting down and abandoning module EditorSettingsViewer (476)
[2019.01.23-16.54.51:043][491]LogModuleManager: Shutting down and abandoning module SettingsEditor (474)
[2019.01.23-16.54.51:043][491]LogModuleManager: Shutting down and abandoning module ProjectLauncher (472)
[2019.01.23-16.54.51:043][491]LogModuleManager: Shutting down and abandoning module SessionFrontend (470)
[2019.01.23-16.54.51:043][491]LogModuleManager: Shutting down and abandoning module ProfilerClient (468)
[2019.01.23-16.54.51:043][491]LogModuleManager: Shutting down and abandoning module DeviceManager (466)
[2019.01.23-16.54.51:043][491]LogModuleManager: Shutting down and abandoning module TargetDeviceServices (465)
[2019.01.23-16.54.51:106][491]LogModuleManager: Shutting down and abandoning module AutomationController (462)
[2019.01.23-16.54.51:106][491]LogModuleManager: Shutting down and abandoning module AutomationWindow (460)
[2019.01.23-16.54.51:106][491]LogModuleManager: Shutting down and abandoning module Layers (458)
[2019.01.23-16.54.51:106][491]LogModuleManager: Shutting down and abandoning module ComponentVisualizers (456)
[2019.01.23-16.54.51:106][491]LogModuleManager: Shutting down and abandoning module DetailCustomizations (454)
[2019.01.23-16.54.51:107][491]LogModuleManager: Shutting down and abandoning module PackagesDialog (452)
[2019.01.23-16.54.51:107][491]LogModuleManager: Shutting down and abandoning module Persona (450)
[2019.01.23-16.54.51:108][491]LogModuleManager: Shutting down and abandoning module AdvancedPreviewScene (449)
[2019.01.23-16.54.51:108][491]LogModuleManager: Shutting down and abandoning module AnimGraph (447)
[2019.01.23-16.54.51:108][491]LogModuleManager: Shutting down and abandoning module Kismet (444)
[2019.01.23-16.54.51:130][491]LogModuleManager: Shutting down and abandoning module GraphEditor (442)
[2019.01.23-16.54.51:130][491]LogModuleManager: Shutting down and abandoning module ClassViewer (440)
[2019.01.23-16.54.51:130][491]LogModuleManager: Shutting down and abandoning module Toolbox (438)
[2019.01.23-16.54.51:130][491]LogModuleManager: Shutting down and abandoning module ModuleUI (436)
[2019.01.23-16.54.51:130][491]LogModuleManager: Shutting down and abandoning module MovieSceneTools (434)
[2019.01.23-16.54.51:131][491]LogModuleManager: Shutting down and abandoning module OutputLog (432)
[2019.01.23-16.54.51:131][491]LogModuleManager: Shutting down and abandoning module GammaUI (430)
[2019.01.23-16.54.51:131][491]LogModuleManager: Shutting down and abandoning module Documentation (428)
[2019.01.23-16.54.51:131][491]LogModuleManager: Shutting down and abandoning module MovieSceneTracks (426)
[2019.01.23-16.54.51:131][491]LogModuleManager: Shutting down and abandoning module MovieScene (424)
[2019.01.23-16.54.51:131][491]LogModuleManager: Shutting down and abandoning module StreamingPauseRendering (422)
[2019.01.23-16.54.51:131][491]LogModuleManager: Shutting down and abandoning module LauncherPlatform (420)
[2019.01.23-16.54.51:131][491]LogModuleManager: Shutting down and abandoning module AnalyticsET (418)
[2019.01.23-16.54.51:131][491]LogModuleManager: Shutting down and abandoning module PortalServices (416)
[2019.01.23-16.54.51:131][491]LogModuleManager: Shutting down and abandoning module PortalRpc (414)
[2019.01.23-16.54.51:132][491]LogModuleManager: Shutting down and abandoning module MessagingRpc (412)
[2019.01.23-16.54.51:132][491]LogModuleManager: Shutting down and abandoning module AIModule (410)
[2019.01.23-16.54.51:132][491]LogModuleManager: Shutting down and abandoning module GameplayDebugger (409)
[2019.01.23-16.54.51:132][491]LogModuleManager: Shutting down and abandoning module AITestSuite (407)
[2019.01.23-16.54.51:132][491]LogModuleManager: Shutting down and abandoning module NavigationSystem (405)
[2019.01.23-16.54.51:132][491]LogModuleManager: Shutting down and abandoning module DesktopPlatform (402)
[2019.01.23-16.54.51:132][491]LogModuleManager: Shutting down and abandoning module ProfilerService (400)
[2019.01.23-16.54.51:274][491]LogModuleManager: Shutting down and abandoning module TaskGraph (398)
[2019.01.23-16.54.51:274][491]LogModuleManager: Shutting down and abandoning module SteamVRController (396)
[2019.01.23-16.54.51:274][491]LogModuleManager: Shutting down and abandoning module ProceduralMeshComponentEditor (394)
[2019.01.23-16.54.51:274][491]LogModuleManager: Shutting down and abandoning module ProceduralMeshComponent (392)
[2019.01.23-16.54.51:274][491]LogModuleManager: Shutting down and abandoning module OculusInput (390)
[2019.01.23-16.54.51:274][491]LogModuleManager: Shutting down and abandoning module MobilePatchingUtils (388)
[2019.01.23-16.54.51:274][491]LogModuleManager: Shutting down and abandoning module EditableMesh (386)
[2019.01.23-16.54.51:274][491]LogModuleManager: Shutting down and abandoning module CustomMeshComponent (384)
[2019.01.23-16.54.51:274][491]LogModuleManager: Shutting down and abandoning module CableComponent (382)
[2019.01.23-16.54.51:275][491]LogModuleManager: Shutting down and abandoning module AudioCapture (380)
[2019.01.23-16.54.51:275][491]LogModuleManager: Shutting down and abandoning module ArchVisCharacter (378)
[2019.01.23-16.54.51:275][491]LogModuleManager: Shutting down and abandoning module AndroidPermission (376)
[2019.01.23-16.54.51:275][491]LogModuleManager: Shutting down and abandoning module NUTUnrealEngine4 (374)
[2019.01.23-16.54.51:275][491]LogModuleManager: Shutting down and abandoning module NetcodeUnitTest (372)
[2019.01.23-16.54.51:275][491]LogModuleManager: Shutting down and abandoning module MediaCompositingEditor (370)
[2019.01.23-16.54.51:275][491]LogModuleManager: Shutting down and abandoning module MediaCompositing (368)
[2019.01.23-16.54.51:275][491]LogModuleManager: Shutting down and abandoning module LinearTimecode (366)
[2019.01.23-16.54.51:275][491]LogModuleManager: Shutting down and abandoning module ImgMedia (364)
[2019.01.23-16.54.51:286][491]LogModuleManager: Shutting down and abandoning module HTML5Networking (362)
[2019.01.23-16.54.51:287][491]LogModuleManager: Shutting down and abandoning module GeometryCacheTracks (360)
[2019.01.23-16.54.51:287][491]LogModuleManager: Shutting down and abandoning module GeometryCacheSequencer (358)
[2019.01.23-16.54.51:287][491]LogModuleManager: Shutting down and abandoning module BackChannel (356)
[2019.01.23-16.54.51:287][491]LogModuleManager: Shutting down and abandoning module AppleVision (354)
[2019.01.23-16.54.51:287][491]LogModuleManager: Shutting down and abandoning module AppleImageUtils (352)
[2019.01.23-16.54.51:287][491]LogModuleManager: Shutting down and abandoning module AlembicImporter (350)
[2019.01.23-16.54.51:287][491]LogModuleManager: Shutting down and abandoning module AlembicLibrary (349)
[2019.01.23-16.54.51:287][491]LogModuleManager: Shutting down and abandoning module GeometryCache (348)
[2019.01.23-16.54.51:287][491]LogModuleManager: Shutting down and abandoning module GeometryCacheEd (347)
[2019.01.23-16.54.51:287][491]LogModuleManager: Shutting down and abandoning module DatasmithContentEditor (342)
[2019.01.23-16.54.51:287][491]LogModuleManager: Shutting down and abandoning module DatasmithContent (340)
[2019.01.23-16.54.51:291][491]LogModuleManager: Shutting down and abandoning module SpeedTreeImporter (338)
[2019.01.23-16.54.51:291][491]LogModuleManager: Shutting down and abandoning module PluginBrowser (336)
[2019.01.23-16.54.51:291][491]LogModuleManager: Shutting down and abandoning module MobileLauncherProfileWizard (334)
[2019.01.23-16.54.51:291][491]LogModuleManager: Shutting down and abandoning module PolygonModeling (332)
[2019.01.23-16.54.51:291][491]LogModuleManager: Shutting down and abandoning module MeshEditor (330)
[2019.01.23-16.54.51:292][491]LogModuleManager: Shutting down and abandoning module CryptoKeysOpenSSL (328)
[2019.01.23-16.54.51:292][491]LogModuleManager: Shutting down and abandoning module CryptoKeys (326)
[2019.01.23-16.54.51:292][491]LogModuleManager: Shutting down and abandoning module VisualStudioSourceCodeAccess (324)
[2019.01.23-16.54.51:292][491]LogModuleManager: Shutting down and abandoning module VisualStudioCodeSourceCodeAccess (322)
[2019.01.23-16.54.51:292][491]LogModuleManager: Shutting down and abandoning module UObjectPlugin (320)
[2019.01.23-16.54.51:292][491]LogModuleManager: Shutting down and abandoning module SubversionSourceControl (318)
[2019.01.23-16.54.51:292][491]LogModuleManager: Shutting down and abandoning module PerforceSourceControl (316)
[2019.01.23-16.54.51:292][491]LogModuleManager: Shutting down and abandoning module GitSourceControl (314)
[2019.01.23-16.54.51:293][491]LogModuleManager: Shutting down and abandoning module SourceControl (313)
[2019.01.23-16.54.51:293][491]LogModuleManager: Shutting down and abandoning module CLionSourceCodeAccess (310)
[2019.01.23-16.54.51:293][491]LogModuleManager: Shutting down and abandoning module LightPropagationVolumeEditor (308)
[2019.01.23-16.54.51:293][491]LogModuleManager: Shutting down and abandoning module PaperTiledImporter (306)
[2019.01.23-16.54.51:293][491]LogModuleManager: Shutting down and abandoning module PaperSpriteSheetImporter (304)
[2019.01.23-16.54.51:293][491]LogModuleManager: Shutting down and abandoning module Paper2DEditor (302)
[2019.01.23-16.54.51:293][491]LogModuleManager: Shutting down and abandoning module MeshPaint (301)
[2019.01.23-16.54.51:294][491]LogModuleManager: Shutting down and abandoning module RuntimePhysXCooking (298)
[2019.01.23-16.54.51:294][491]LogModuleManager: Shutting down and abandoning module PhysXVehiclesEditor (296)
[2019.01.23-16.54.51:294][491]LogModuleManager: Shutting down and abandoning module PhysXVehicles (294)
[2019.01.23-16.54.51:294][491]LogModuleManager: Shutting down and abandoning module OculusEditor (292)
[2019.01.23-16.54.51:294][491]LogModuleManager: Shutting down and abandoning module LocationServicesBPLibrary (290)
[2019.01.23-16.54.51:294][491]LogModuleManager: Shutting down and abandoning module ImmediatePhysicsEditor (288)
[2019.01.23-16.54.51:294][491]LogModuleManager: Shutting down and abandoning module ImmediatePhysics (286)
[2019.01.23-16.54.51:294][491]LogModuleManager: Shutting down and abandoning module ActorSequence (284)
[2019.01.23-16.54.51:294][491]LogModuleManager: Shutting down and abandoning module UdpMessaging (282)
[2019.01.23-16.54.51:395][491]LogModuleManager: Shutting down and abandoning module TcpMessaging (280)
[2019.01.23-16.54.51:496][491]LogModuleManager: Shutting down and abandoning module MagicLeapAudio (278)
[2019.01.23-16.54.51:502][491]LogModuleManager: Shutting down and abandoning module GameplayTagsEditor (276)
[2019.01.23-16.54.51:502][491]LogModuleManager: Shutting down and abandoning module FacialAnimationEditor (274)
[2019.01.23-16.54.51:502][491]LogModuleManager: Shutting down and abandoning module FacialAnimation (272)
[2019.01.23-16.54.51:502][491]LogModuleManager: Shutting down and abandoning module DataValidation (270)
[2019.01.23-16.54.51:502][491]LogModuleManager: Shutting down and abandoning module AssetManagerEditor (268)
[2019.01.23-16.54.51:503][491]LogModuleManager: Shutting down and abandoning module LevelEditor (267)
[2019.01.23-16.54.51:505][491]LogModuleManager: Shutting down and abandoning module PixelInspectorModule (266)
[2019.01.23-16.54.51:505][491]LogModuleManager: Shutting down and abandoning module CommonMenuExtensions (264)
[2019.01.23-16.54.51:505][491]LogModuleManager: Shutting down and abandoning module MainFrame (262)
[2019.01.23-16.54.51:506][491]LogModuleManager: Shutting down and abandoning module HotReload (261)
[2019.01.23-16.54.51:512][491]LogModuleManager: Shutting down and abandoning module ContentBrowser (257)
[2019.01.23-16.54.51:514][491]LogModuleManager: Shutting down and abandoning module TreeMap (255)
[2019.01.23-16.54.51:514][491]LogModuleManager: Shutting down and abandoning module LightPropagationVolumeRuntime (252)
[2019.01.23-16.54.51:514][491]LogModuleManager: Shutting down and abandoning module AISupportModule (250)
[2019.01.23-16.54.51:514][491]LogModuleManager: Shutting down and abandoning module Paper2D (248)
[2019.01.23-16.54.51:514][491]LogModuleManager: Shutting down and abandoning module WindowsMoviePlayer (246)
[2019.01.23-16.54.51:514][491]LogModuleManager: Shutting down and abandoning module WmfMedia (244)
[2019.01.23-16.54.51:517][491]LogModuleManager: Shutting down and abandoning module Media (243)
[2019.01.23-16.54.51:523][491]LogModuleManager: Shutting down and abandoning module PacketHandler (240)
[2019.01.23-16.54.51:523][491]LogModuleManager: Shutting down and abandoning module ClothingSystemEditor (238)
[2019.01.23-16.54.51:524][491]LogModuleManager: Shutting down and abandoning module ClothingSystemRuntime (236)
[2019.01.23-16.54.51:524][491]LogModuleManager: Shutting down and abandoning module MediaAssets (234)
[2019.01.23-16.54.51:524][491]LogModuleManager: Shutting down and abandoning module Overlay (232)
[2019.01.23-16.54.51:524][491]LogModuleManager: Shutting down and abandoning module OverlayEditor (231)
[2019.01.23-16.54.51:524][491]LogModuleManager: Shutting down and abandoning module VREditor (228)
[2019.01.23-16.54.51:524][491]LogModuleManager: Shutting down and abandoning module StringTableEditor (226)
[2019.01.23-16.54.51:524][491]LogModuleManager: Shutting down and abandoning module GameplayTasksEditor (224)
[2019.01.23-16.54.51:524][491]LogModuleManager: Shutting down and abandoning module BehaviorTreeEditor (222)
[2019.01.23-16.54.51:524][491]LogModuleManager: Shutting down and abandoning module FunctionalTesting (220)
[2019.01.23-16.54.51:524][491]LogModuleManager: Shutting down and abandoning module CollisionAnalyzer (218)
[2019.01.23-16.54.51:524][491]LogModuleManager: Shutting down and abandoning module WorkspaceMenuStructure (217)
[2019.01.23-16.54.51:524][491]LogModuleManager: Shutting down and abandoning module UMG (214)
[2019.01.23-16.54.51:524][491]LogModuleManager: Shutting down and abandoning module UMGEditor (213)
[2019.01.23-16.54.51:524][491]LogModuleManager: Shutting down and abandoning module Sequencer (212)
[2019.01.23-16.54.51:525][491]LogModuleManager: Shutting down and abandoning module MessageLog (209)
[2019.01.23-16.54.51:525][491]LogModuleManager: Shutting down and abandoning module SlateReflector (204)
[2019.01.23-16.54.51:525][491]LogModuleManager: Shutting down and abandoning module Slate (202)
[2019.01.23-16.54.51:525][491]LogModuleManager: Shutting down and abandoning module EditorStyle (200)
[2019.01.23-16.54.51:528][491]LogModuleManager: Shutting down and abandoning module MRMesh (198)
[2019.01.23-16.54.51:528][491]LogModuleManager: Shutting down and abandoning module SourceCodeAccess (196)
[2019.01.23-16.54.51:528][491]LogModuleManager: Shutting down and abandoning module HeadMountedDisplay (194)
[2019.01.23-16.54.51:528][491]LogModuleManager: Shutting down and abandoning module XAudio2 (192)
[2019.01.23-16.54.51:528][491]LogModuleManager: Shutting down and abandoning module Networking (190)
[2019.01.23-16.54.51:528][491]LogModuleManager: Shutting down and abandoning module Core (188)
[2019.01.23-16.54.51:528][491]LogModuleManager: Shutting down and abandoning module LevelSequence (186)
[2019.01.23-16.54.51:528][491]LogModuleManager: Shutting down and abandoning module KismetCompiler (184)
[2019.01.23-16.54.51:529][491]LogModuleManager: Shutting down and abandoning module MeshUtilities (182)
[2019.01.23-16.54.51:529][491]LogModuleManager: Shutting down and abandoning module MeshMergeUtilities (181)
[2019.01.23-16.54.51:529][491]LogModuleManager: Shutting down and abandoning module MeshReductionInterface (180)
[2019.01.23-16.54.51:529][491]LogModuleManager: Shutting down and abandoning module SimplygonSwarm (179)
[2019.01.23-16.54.51:529][491]LogModuleManager: Shutting down and abandoning module ProxyLODMeshReduction (177)
[2019.01.23-16.54.51:529][491]LogModuleManager: Shutting down and abandoning module SimplygonMeshReduction (175)
[2019.01.23-16.54.51:529][491]LogModuleManager: Shutting down and abandoning module QuadricMeshReduction (173)
[2019.01.23-16.54.51:529][491]LogModuleManager: Shutting down and abandoning module MaterialBaking (169)
[2019.01.23-16.54.51:529][491]LogModuleManager: Shutting down and abandoning module DirectoryWatcher (165)
[2019.01.23-16.54.51:529][491]LogModuleManager: Shutting down and abandoning module DerivedDataCache (162)
[2019.01.23-16.54.51:595][491]LogDerivedDataCache: Shutdown
[2019.01.23-16.54.51:595][491]LogModuleManager: Shutting down and abandoning module XGEController (160)
[2019.01.23-16.54.51:595][491]LogXGEController: Cleaning working directory: C:/Users/bennett253/AppData/Local/Temp/UnrealXGEWorkingDir/
[2019.01.23-16.54.51:600][491]LogModuleManager: Shutting down and abandoning module TargetPlatform (158)
[2019.01.23-16.54.51:600][491]LogModuleManager: Shutting down and abandoning module VulkanShaderFormat (157)
[2019.01.23-16.54.51:600][491]LogModuleManager: Shutting down and abandoning module ShaderFormatVectorVM (155)
[2019.01.23-16.54.51:600][491]LogModuleManager: Shutting down and abandoning module ShaderFormatOpenGL (153)
[2019.01.23-16.54.51:600][491]LogModuleManager: Shutting down and abandoning module ShaderFormatD3D (151)
[2019.01.23-16.54.51:600][491]LogModuleManager: Shutting down and abandoning module MetalShaderFormat (149)
[2019.01.23-16.54.51:600][491]LogModuleManager: Shutting down and abandoning module TextureFormatUncompressed (147)
[2019.01.23-16.54.51:600][491]LogModuleManager: Shutting down and abandoning module TextureFormatPVR (145)
[2019.01.23-16.54.51:600][491]LogModuleManager: Shutting down and abandoning module TextureFormatDXT (143)
[2019.01.23-16.54.51:600][491]LogModuleManager: Shutting down and abandoning module TextureFormatIntelISPCTexComp (141)
[2019.01.23-16.54.51:601][491]LogModuleManager: Shutting down and abandoning module TextureFormatASTC (139)
[2019.01.23-16.54.51:601][491]LogModuleManager: Shutting down and abandoning module ImageWrapper (138)
[2019.01.23-16.54.51:601][491]LogModuleManager: Shutting down and abandoning module TextureFormatAndroid (135)
[2019.01.23-16.54.51:601][491]LogModuleManager: Shutting down and abandoning module AudioFormatOpus (133)
[2019.01.23-16.54.51:601][491]LogModuleManager: Shutting down and abandoning module AudioFormatOgg (131)
[2019.01.23-16.54.51:601][491]LogModuleManager: Shutting down and abandoning module AudioFormatADPCM (129)
[2019.01.23-16.54.51:601][491]LogModuleManager: Shutting down and abandoning module LuminTargetPlatform (127)
[2019.01.23-16.54.51:601][491]LogModuleManager: Shutting down and abandoning module LinuxTargetPlatform (125)
[2019.01.23-16.54.51:601][491]LogModuleManager: Shutting down and abandoning module LinuxServerTargetPlatform (123)
[2019.01.23-16.54.51:601][491]LogModuleManager: Shutting down and abandoning module LinuxNoEditorTargetPlatform (121)
[2019.01.23-16.54.51:601][491]LogModuleManager: Shutting down and abandoning module LinuxClientTargetPlatform (119)
[2019.01.23-16.54.51:601][491]LogModuleManager: Shutting down and abandoning module TVOSTargetPlatform (117)
[2019.01.23-16.54.51:603][491]LogModuleManager: Shutting down and abandoning module Messaging (115)
[2019.01.23-16.54.51:603][491]LogModuleManager: Shutting down and abandoning module IOSTargetPlatform (113)
[2019.01.23-16.54.51:604][491]LogModuleManager: Shutting down and abandoning module HTML5TargetPlatform (111)
[2019.01.23-16.54.51:604][491]LogModuleManager: Shutting down and abandoning module AndroidTargetPlatform (109)
[2019.01.23-16.54.51:616][491]LogModuleManager: Shutting down and abandoning module WindowsTargetPlatform (107)
[2019.01.23-16.54.51:616][491]LogModuleManager: Shutting down and abandoning module WindowsServerTargetPlatform (105)
[2019.01.23-16.54.51:616][491]LogModuleManager: Shutting down and abandoning module WindowsNoEditorTargetPlatform (103)
[2019.01.23-16.54.51:616][491]LogModuleManager: Shutting down and abandoning module WindowsClientTargetPlatform (101)
[2019.01.23-16.54.51:616][491]LogModuleManager: Shutting down and abandoning module MacTargetPlatform (99)
[2019.01.23-16.54.51:616][491]LogModuleManager: Shutting down and abandoning module MacServerTargetPlatform (97)
[2019.01.23-16.54.51:616][491]LogModuleManager: Shutting down and abandoning module MacNoEditorTargetPlatform (95)
[2019.01.23-16.54.51:616][491]LogModuleManager: Shutting down and abandoning module MacClientTargetPlatform (93)
[2019.01.23-16.54.51:616][491]LogModuleManager: Shutting down and abandoning module AllDesktopTargetPlatform (91)
[2019.01.23-16.54.51:616][491]LogModuleManager: Shutting down and abandoning module InputCore (88)
[2019.01.23-16.54.51:616][491]LogModuleManager: Shutting down and abandoning module Settings (86)
[2019.01.23-16.54.51:616][491]LogModuleManager: Shutting down and abandoning module PhysXCooking (84)
[2019.01.23-16.54.51:616][491]LogModuleManager: Shutting down and abandoning module SteamVR (82)
[2019.01.23-16.54.51:616][491]LogModuleManager: Shutting down and abandoning module OculusHMD (80)
[2019.01.23-16.54.51:617][491]LogModuleManager: Shutting down and abandoning module ExampleDeviceProfileSelector (78)
[2019.01.23-16.54.51:617][491]LogModuleManager: Shutting down and abandoning module LauncherChunkInstaller (76)
[2019.01.23-16.54.51:617][491]LogModuleManager: Shutting down and abandoning module OnlineBlueprintSupport (74)
[2019.01.23-16.54.51:617][491]LogModuleManager: Shutting down and abandoning module OnlineSubsystem (70)
[2019.01.23-16.54.51:618][491]LogModuleManager: Shutting down and abandoning module XMPP (65)
[2019.01.23-16.54.51:618][491]LogModuleManager: Shutting down and abandoning module WebSockets (64)
[2019.01.23-16.54.51:639][491]LogModuleManager: Shutting down and abandoning module HTTP (61)
[2019.01.23-16.54.51:639][491]LogHttp: Display: Http module shutting down, but needs to wait on 1 outstanding Http requests:
[2019.01.23-16.54.51:639][491]LogHttp: Display: 	verb=[POST] url=[https://datarouter.ol.epicgames.com/datarouter/api/v1/public/data?SessionID=%7B1DDD8046-4674-977C-F0A0-37AE7F34C540%7D&AppID=UEEditor.Rocket.Release&AppVersion=4.20.3-4369336%2B%2B%2BUE4%2BRelease-4.20&UserID=a6e8db074ffe182886fe3099353499ed%7Cd5ba7f62ebb14b6fbe4953288917be83%7C0b17358d-c29c-4bea-898d-de6af1f3f191&AppEnvironment=datacollector-binary&UploadType=eteventstream] status=Processing
[2019.01.23-16.54.51:674][491]LogModuleManager: Shutting down and abandoning module SSL (60)
[2019.01.23-16.54.51:678][491]LogModuleManager: Shutting down and abandoning module MagicLeapEmulator (56)
[2019.01.23-16.54.51:678][491]LogModuleManager: Shutting down and abandoning module MagicLeapPrivileges (54)
[2019.01.23-16.54.51:678][491]LogModuleManager: Shutting down and abandoning module MagicLeapIdentity (52)
[2019.01.23-16.54.51:678][491]LogModuleManager: Shutting down and abandoning module MagicLeapHelperVulkan (50)
[2019.01.23-16.54.51:678][491]LogModuleManager: Shutting down and abandoning module MagicLeapHelperOpenGL (48)
[2019.01.23-16.54.51:678][491]LogModuleManager: Shutting down and abandoning module MagicLeapSecureStorage (46)
[2019.01.23-16.54.51:678][491]LogModuleManager: Shutting down and abandoning module MagicLeapGestures (44)
[2019.01.23-16.54.51:678][491]LogModuleManager: Shutting down and abandoning module MagicLeapEyeTracker (42)
[2019.01.23-16.54.51:678][491]LogModuleManager: Shutting down and abandoning module MagicLeapController (40)
[2019.01.23-16.54.51:679][491]LogSlate: Slate User Destroyed.  User Index 0, Is Virtual User: 0
[2019.01.23-16.54.51:679][491]LogModuleManager: Shutting down and abandoning module MagicLeap (38)
[2019.01.23-16.54.51:679][491]LogModuleManager: Shutting down and abandoning module AnimationModifiers (36)
[2019.01.23-16.54.51:679][491]LogModuleManager: Shutting down and abandoning module PropertyEditor (35)
[2019.01.23-16.54.51:679][491]LogModuleManager: Shutting down and abandoning module AudioEditor (32)
[2019.01.23-16.54.51:680][491]LogModuleManager: Shutting down and abandoning module TextureCompressor (30)
[2019.01.23-16.54.51:680][491]LogModuleManager: Shutting down and abandoning module ShaderCore (28)
[2019.01.23-16.54.51:680][491]LogModuleManager: Shutting down and abandoning module Landscape (26)
[2019.01.23-16.54.51:680][491]LogModuleManager: Shutting down and abandoning module SlateRHIRenderer (24)
[2019.01.23-16.54.51:681][491]LogModuleManager: Shutting down and abandoning module OpenGLDrv (22)
[2019.01.23-16.54.51:681][491]LogModuleManager: Shutting down and abandoning module D3D11RHI (20)
[2019.01.23-16.54.51:681][491]LogModuleManager: Shutting down and abandoning module AnimGraphRuntime (18)
[2019.01.23-16.54.51:682][491]LogModuleManager: Shutting down and abandoning module Renderer (16)
[2019.01.23-16.54.51:682][491]LogModuleManager: Shutting down and abandoning module Engine (14)
[2019.01.23-16.54.51:682][491]LogModuleManager: Shutting down and abandoning module CoreUObject (12)
[2019.01.23-16.54.51:682][491]LogModuleManager: Shutting down and abandoning module NetworkFile (10)
[2019.01.23-16.54.51:682][491]LogModuleManager: Shutting down and abandoning module CookedIterativeFile (8)
[2019.01.23-16.54.51:682][491]LogModuleManager: Shutting down and abandoning module StreamingFile (6)
[2019.01.23-16.54.51:682][491]LogModuleManager: Shutting down and abandoning module SandboxFile (4)
[2019.01.23-16.54.51:682][491]LogModuleManager: Shutting down and abandoning module PakFile (2)
[2019.01.23-16.54.51:715][491]LogExit: Exiting.
[2019.01.23-16.54.51:742][491]Log file closed, 01/23/19 11:54:51
